2024-10-09 19:43:12,530 [INFO] Activator:176 - 


2024-10-09 19:43:12,530 [INFO] Activator:177 - !SESSION log4j initialized
2024-10-09 19:43:18,038 [INFO] LogOutputStream:77 - [STDOUT_REDIRECT] 
2024-10-09 19:43:23,642 [INFO] ApplicationProperties:184 - Using Application install path: C:\ST\STM32CubeIDE_1.16.0\STM32CubeIDE\plugins\com.st.stm32cube.common.mx_6.12.0.202406281431
2024-10-09 19:43:23,670 [INFO] DbMcusXml:78 - Set database path to: C:\ST\STM32CubeIDE_1.16.0\STM32CubeIDE\plugins\com.st.stm32cube.common.mx_6.12.0.202406281431\\db\/mcu/
2024-10-09 19:43:23,671 [INFO] ApiDb:274 - Set plugin database path to: C:\ST\STM32CubeIDE_1.16.0\STM32CubeIDE\plugins\com.st.stm32cube.common.mx_6.12.0.202406281431\\db\/plugins/boardmanager/
2024-10-09 19:43:23,672 [WARN] ApiDb:259 - Overriding images path with different value:  => C:\ST\STM32CubeIDE_1.16.0\STM32CubeIDE\plugins\com.st.stm32cube.common.mx_6.12.0.202406281431\\db\/plugins/mcufinder/images/
2024-10-09 19:43:23,683 [INFO] ApiDb:250 - Set database path to: C:\Users\tomig\.stmcufinder\plugins\mcufinder//mcu/
2024-10-09 19:43:23,685 [INFO] DbMcusAds:125 - Set database path to: C:\Users\tomig\.stmcufinder\plugins\mcufinder//mcu/
2024-10-09 19:43:23,690 [INFO] CrossReferenceDbSqlite:203 - Set database path to: C:\Users\tomig\.stmcufinder\plugins\mcufinder//mcu/cs/
2024-10-09 19:43:23,903 [INFO] RulesReader:64 - Compatibility file has been processed (297 Rules)
2024-10-09 19:43:24,025 [INFO] DbMcusXml:78 - Set database path to: C:\ST\STM32CubeIDE_1.16.0\STM32CubeIDE\plugins\com.st.stm32cube.common.mx_6.12.0.202406281431\\db\/mcu/
2024-10-09 19:43:24,029 [INFO] ApiDb:274 - Set plugin database path to: C:\ST\STM32CubeIDE_1.16.0\STM32CubeIDE\plugins\com.st.stm32cube.common.mx_6.12.0.202406281431\\db\/plugins/boardmanager/
2024-10-09 19:43:24,030 [INFO] ApiDb:261 - Set plugin images path to: C:\ST\STM32CubeIDE_1.16.0\STM32CubeIDE\plugins\com.st.stm32cube.common.mx_6.12.0.202406281431\\db\/plugins/mcufinder/images/
2024-10-09 19:43:24,031 [WARN] DbFile:41 - Overriding database path with different value: C:\Users\tomig\.stmcufinder\plugins\mcufinder/ => C:\Users\tomig\.stmcufinder\plugins\mcufinder
2024-10-09 19:43:24,031 [INFO] ApiDb:250 - Set database path to: C:\Users\tomig\.stmcufinder\plugins\mcufinder//mcu/
2024-10-09 19:43:24,031 [WARN] DbFile:41 - Overriding database path with different value: C:\Users\tomig\.stmcufinder\plugins\mcufinder/ => C:\Users\tomig\.stmcufinder\plugins\mcufinder
2024-10-09 19:43:24,031 [INFO] DbMcusAds:125 - Set database path to: C:\Users\tomig\.stmcufinder\plugins\mcufinder//mcu/
2024-10-09 19:43:24,031 [WARN] DbFile:41 - Overriding database path with different value: C:\Users\tomig\.stmcufinder\plugins\mcufinder/ => C:\Users\tomig\.stmcufinder\plugins\mcufinder
2024-10-09 19:43:24,032 [WARN] DbFile:41 - Overriding database path with different value: C:\Users\tomig\.stmcufinder\plugins\mcufinder/ => C:\Users\tomig\.stmcufinder\plugins\mcufinder
2024-10-09 19:43:24,032 [INFO] CrossReferenceDbSqlite:203 - Set database path to: C:\Users\tomig\.stmcufinder\plugins\mcufinder//mcu/cs/
2024-10-09 19:43:24,247 [INFO] MainPanel:268 - HeapMemory: 268435456
2024-10-09 19:43:24,511 [INFO] DbMcusXml:78 - Set database path to: C:\ST\STM32CubeIDE_1.16.0\STM32CubeIDE\plugins\com.st.stm32cube.common.mx_6.12.0.202406281431\\db\/mcu/
2024-10-09 19:43:24,511 [INFO] ApiDb:274 - Set plugin database path to: C:\ST\STM32CubeIDE_1.16.0\STM32CubeIDE\plugins\com.st.stm32cube.common.mx_6.12.0.202406281431\\db\/plugins/boardmanager/
2024-10-09 19:43:24,511 [INFO] ApiDb:261 - Set plugin images path to: C:\ST\STM32CubeIDE_1.16.0\STM32CubeIDE\plugins\com.st.stm32cube.common.mx_6.12.0.202406281431\\db\/plugins/mcufinder/images/
2024-10-09 19:43:24,512 [WARN] DbFile:41 - Overriding database path with different value: C:\Users\tomig\.stmcufinder\plugins\mcufinder/ => C:\Users\tomig\.stmcufinder\plugins\mcufinder
2024-10-09 19:43:24,512 [INFO] ApiDb:250 - Set database path to: C:\Users\tomig\.stmcufinder\plugins\mcufinder//mcu/
2024-10-09 19:43:24,512 [WARN] DbFile:41 - Overriding database path with different value: C:\Users\tomig\.stmcufinder\plugins\mcufinder/ => C:\Users\tomig\.stmcufinder\plugins\mcufinder
2024-10-09 19:43:24,512 [INFO] DbMcusAds:125 - Set database path to: C:\Users\tomig\.stmcufinder\plugins\mcufinder//mcu/
2024-10-09 19:43:24,513 [WARN] DbFile:41 - Overriding database path with different value: C:\Users\tomig\.stmcufinder\plugins\mcufinder/ => C:\Users\tomig\.stmcufinder\plugins\mcufinder
2024-10-09 19:43:24,513 [WARN] DbFile:41 - Overriding database path with different value: C:\Users\tomig\.stmcufinder\plugins\mcufinder/ => C:\Users\tomig\.stmcufinder\plugins\mcufinder
2024-10-09 19:43:24,513 [INFO] CrossReferenceDbSqlite:203 - Set database path to: C:\Users\tomig\.stmcufinder\plugins\mcufinder//mcu/cs/
2024-10-09 19:43:24,548 [INFO] ApplicationProperties:184 - Using Application install path: C:\ST\STM32CubeIDE_1.16.0\STM32CubeIDE\plugins\com.st.stm32cube.common.mx_6.12.0.202406281431
2024-10-09 19:43:24,551 [INFO] PluginManage:196 - Search for loadable plugins [exclusion list=, ]
2024-10-09 19:43:24,553 [INFO] PluginManage:310 - Check plugin analytics
2024-10-09 19:43:25,179 [INFO] AnalyticsPlugin:253 - Accepted Software Licenses: 
2024-10-09 19:43:25,180 [INFO] AnalyticsPlugin:255 - Accepted CMSIS Pack Licenses: 
2024-10-09 19:43:25,180 [INFO] AnalyticsPlugin:257 - Accepted Firmware Licenses: 
2024-10-09 19:43:25,186 [INFO] PluginManage:359 - Loaded plugin analytics (category:tool,tabindex:-1)
2024-10-09 19:43:25,187 [INFO] PluginManage:310 - Check plugin cadmodel
2024-10-09 19:43:25,258 [INFO] CADModel:105 - Init CAD model plugin
2024-10-09 19:43:25,259 [INFO] PluginManage:359 - Loaded plugin cadmodel (category:power,tabindex:5)
2024-10-09 19:43:25,259 [INFO] PluginManage:310 - Check plugin clock
2024-10-09 19:43:25,305 [INFO] PluginManage:359 - Loaded plugin clock (category:base,tabindex:2)
2024-10-09 19:43:25,305 [INFO] PluginManage:310 - Check plugin ddr
2024-10-09 19:43:25,314 [INFO] PluginManage:359 - Loaded plugin ddr (category:tool,tabindex:6)
2024-10-09 19:43:25,315 [INFO] PluginManage:310 - Check plugin filemanager
2024-10-09 19:43:25,621 [INFO] PluginManage:359 - Loaded plugin filemanager (category:base,tabindex:10)
2024-10-09 19:43:25,621 [INFO] PluginManage:310 - Check plugin ipmanager
2024-10-09 19:43:25,643 [INFO] PluginManage:359 - Loaded plugin ipmanager (category:base,tabindex:5)
2024-10-09 19:43:25,644 [INFO] PluginManage:310 - Check plugin lpbam
2024-10-09 19:43:25,700 [INFO] PluginManage:359 - Loaded plugin lpbam (category:base,tabindex:0)
2024-10-09 19:43:25,701 [INFO] PluginManage:310 - Check plugin memorymap
2024-10-09 19:43:25,741 [INFO] PluginManage:359 - Loaded plugin memorymap (category:base,tabindex:4)
2024-10-09 19:43:25,741 [INFO] PluginManage:310 - Check plugin pinoutandconfiguration
2024-10-09 19:43:25,772 [INFO] PluginManage:359 - Loaded plugin pinoutandconfiguration (category:base,tabindex:1)
2024-10-09 19:43:25,772 [INFO] PluginManage:310 - Check plugin pinoutconfig
2024-10-09 19:43:25,998 [WARN] SupportedApi:132 - Cannot load RTOS API schema: s4s-elt-must-match.1: The content of 'definitions' must match (annotation?, (simpleType | complexType)?, (unique | key | keyref)*)). A problem was found starting at: attribute.
2024-10-09 19:43:26,326 [INFO] PluginManage:359 - Loaded plugin pinoutconfig (category:base,tabindex:0)
2024-10-09 19:43:26,326 [INFO] PluginManage:310 - Check plugin power
2024-10-09 19:43:26,358 [INFO] PluginManage:359 - Loaded plugin power (category:power,tabindex:4)
2024-10-09 19:43:26,358 [INFO] PluginManage:310 - Check plugin projectmanager
2024-10-09 19:43:26,404 [INFO] PluginManage:359 - Loaded plugin projectmanager (category:projectmanager,tabindex:4)
2024-10-09 19:43:26,404 [INFO] PluginManage:310 - Check plugin rif
2024-10-09 19:43:26,436 [INFO] PluginManage:359 - Loaded plugin rif (category:base,tabindex:3)
2024-10-09 19:43:26,436 [INFO] PluginManage:310 - Check plugin thirdparty
2024-10-09 19:43:27,061 [INFO] PluginManage:359 - Loaded plugin thirdparty (category:base,tabindex:-1)
2024-10-09 19:43:27,061 [INFO] PluginManage:310 - Check plugin tools
2024-10-09 19:43:27,061 [WARN] IntegrityCheckThread:84 - waiting for thirdparty lock release [integrity check]
2024-10-09 19:43:27,061 [INFO] IntegrityCheckThread:86 - entering critical section [integrity check]
2024-10-09 19:43:27,061 [INFO] ThirdPartyUpdaterWithRetryManager:70 - Updater plugin not ready yet. [1/15]
2024-10-09 19:43:27,123 [INFO] PluginManage:359 - Loaded plugin tools (category:base,tabindex:7)
2024-10-09 19:43:27,123 [INFO] PluginManage:310 - Check plugin tutovideos
2024-10-09 19:43:27,498 [INFO] PluginManage:359 - Loaded plugin tutovideos (category:base,tabindex:-1)
2024-10-09 19:43:27,498 [INFO] PluginManage:310 - Check plugin updater
2024-10-09 19:43:27,545 [INFO] PluginManage:359 - Loaded plugin updater (category:base,tabindex:12)
2024-10-09 19:43:27,545 [INFO] PluginManage:310 - Check plugin userauth
2024-10-09 19:43:27,560 [INFO] UserAuth:113 - Init User Auth plugin
2024-10-09 19:43:27,560 [INFO] PluginManage:359 - Loaded plugin userauth (category:base,tabindex:14)
2024-10-09 19:43:27,560 [INFO] PluginManage:283 - PluginManage : Loaded plugins [18]
2024-10-09 19:43:27,967 [INFO] PinOutPanel:1561 - setPackage(No Configuration,No Configuration)
2024-10-09 19:43:28,154 [INFO] CADModel:165 - CPN selected for project level
2024-10-09 19:43:28,154 [INFO] CADModel:114 - Register for checkConnection events
2024-10-09 19:43:28,217 [INFO] IPUIPlugin:80 - create IPUIPlugin
2024-10-09 19:43:28,217 [INFO] PluginManager:220 - loadIPPluginJar : add adc
2024-10-09 19:43:28,279 [INFO] IPUIPlugin:80 - create IPUIPlugin
2024-10-09 19:43:28,295 [INFO] PluginManager:220 - loadIPPluginJar : add aes
2024-10-09 19:43:28,342 [INFO] IPUIPlugin:80 - create IPUIPlugin
2024-10-09 19:43:28,342 [INFO] PluginManager:220 - loadIPPluginJar : add can
2024-10-09 19:43:28,373 [INFO] IPUIPlugin:80 - create IPUIPlugin
2024-10-09 19:43:28,373 [INFO] PluginManager:220 - loadIPPluginJar : add comp
2024-10-09 19:43:28,420 [INFO] IPUIPlugin:80 - create IPUIPlugin
2024-10-09 19:43:28,420 [INFO] PluginManager:220 - loadIPPluginJar : add cryp
2024-10-09 19:43:28,435 [INFO] IPUIPlugin:80 - create IPUIPlugin
2024-10-09 19:43:28,435 [INFO] PluginManager:220 - loadIPPluginJar : add ddr_ctrl_phy
2024-10-09 19:43:28,482 [INFO] IPUIPlugin:80 - create IPUIPlugin
2024-10-09 19:43:28,482 [INFO] PluginManager:220 - loadIPPluginJar : add dfsdm
2024-10-09 19:43:28,498 [INFO] IPUIPlugin:80 - create IPUIPlugin
2024-10-09 19:43:28,498 [INFO] PluginManager:220 - loadIPPluginJar : add dma
2024-10-09 19:43:28,560 [INFO] IPUIPlugin:80 - create IPUIPlugin
2024-10-09 19:43:28,560 [INFO] PluginManager:220 - loadIPPluginJar : add dma3
2024-10-09 19:43:28,623 [INFO] IPUIPlugin:80 - create IPUIPlugin
2024-10-09 19:43:28,623 [INFO] PluginManager:220 - loadIPPluginJar : add extmemmanager
2024-10-09 19:43:28,638 [INFO] IPUIPlugin:80 - create IPUIPlugin
2024-10-09 19:43:28,638 [INFO] PluginManager:220 - loadIPPluginJar : add fatfs
2024-10-09 19:43:28,732 [INFO] IPUIPlugin:80 - create IPUIPlugin
2024-10-09 19:43:28,732 [INFO] PluginManager:220 - loadIPPluginJar : add fmc
2024-10-09 19:43:28,748 [INFO] IPUIPlugin:80 - create IPUIPlugin
2024-10-09 19:43:28,748 [INFO] PluginManager:220 - loadIPPluginJar : add freertos
2024-10-09 19:43:28,779 [INFO] IPUIPlugin:80 - create IPUIPlugin
2024-10-09 19:43:28,779 [INFO] PluginManager:220 - loadIPPluginJar : add genericplugin
2024-10-09 19:43:28,935 [INFO] IPUIPlugin:80 - create IPUIPlugin
2024-10-09 19:43:28,935 [INFO] PluginManager:220 - loadIPPluginJar : add gfxmmu
2024-10-09 19:43:29,138 [INFO] IPUIPlugin:80 - create IPUIPlugin
2024-10-09 19:43:29,138 [INFO] PluginManager:220 - loadIPPluginJar : add gic
2024-10-09 19:43:29,169 [INFO] IPUIPlugin:80 - create IPUIPlugin
2024-10-09 19:43:29,169 [INFO] PluginManager:220 - loadIPPluginJar : add gpio
2024-10-09 19:43:29,279 [INFO] IPUIPlugin:80 - create IPUIPlugin
2024-10-09 19:43:29,279 [INFO] PluginManager:220 - loadIPPluginJar : add gtzc
2024-10-09 19:43:29,326 [INFO] IPUIPlugin:80 - create IPUIPlugin
2024-10-09 19:43:29,326 [INFO] PluginManager:220 - loadIPPluginJar : add hash
2024-10-09 19:43:29,388 [INFO] IPUIPlugin:80 - create IPUIPlugin
2024-10-09 19:43:29,388 [INFO] PluginManager:220 - loadIPPluginJar : add i2c
2024-10-09 19:43:29,419 [INFO] IPUIPlugin:80 - create IPUIPlugin
2024-10-09 19:43:29,419 [INFO] PluginManager:220 - loadIPPluginJar : add i2s
2024-10-09 19:43:29,482 [INFO] IPUIPlugin:80 - create IPUIPlugin
2024-10-09 19:43:29,482 [INFO] PluginManager:220 - loadIPPluginJar : add i3c
2024-10-09 19:43:29,607 [INFO] IPUIPlugin:80 - create IPUIPlugin
2024-10-09 19:43:29,607 [INFO] PluginManager:220 - loadIPPluginJar : add ipddr
2024-10-09 19:43:29,732 [INFO] IPUIPlugin:80 - create IPUIPlugin
2024-10-09 19:43:29,732 [INFO] PluginManager:220 - loadIPPluginJar : add linkedlist
2024-10-09 19:43:29,794 [INFO] IPUIPlugin:80 - create IPUIPlugin
2024-10-09 19:43:29,794 [INFO] PluginManager:220 - loadIPPluginJar : add lorawan
2024-10-09 19:43:29,841 [INFO] IPUIPlugin:80 - create IPUIPlugin
2024-10-09 19:43:29,841 [INFO] PluginManager:220 - loadIPPluginJar : add ltdc
2024-10-09 19:43:29,857 [INFO] IPUIPlugin:80 - create IPUIPlugin
2024-10-09 19:43:29,857 [INFO] PluginManager:220 - loadIPPluginJar : add mdma
2024-10-09 19:43:29,872 [INFO] IPUIPlugin:80 - create IPUIPlugin
2024-10-09 19:43:29,872 [INFO] PluginManager:220 - loadIPPluginJar : add nvic
2024-10-09 19:43:29,951 [INFO] IPUIPlugin:80 - create IPUIPlugin
2024-10-09 19:43:29,951 [INFO] PluginManager:220 - loadIPPluginJar : add opamp
2024-10-09 19:43:30,075 [INFO] ThirdPartyUpdaterWithRetryManager:70 - Updater plugin not ready yet. [2/15]
2024-10-09 19:43:30,107 [INFO] IPUIPlugin:80 - create IPUIPlugin
2024-10-09 19:43:30,107 [INFO] PluginManager:220 - loadIPPluginJar : add openamp
2024-10-09 19:43:30,169 [INFO] IPUIPlugin:80 - create IPUIPlugin
2024-10-09 19:43:30,169 [INFO] PluginManager:220 - loadIPPluginJar : add pdm2pcm
2024-10-09 19:43:30,185 [INFO] IPUIPlugin:80 - create IPUIPlugin
2024-10-09 19:43:30,185 [INFO] PluginManager:220 - loadIPPluginJar : add plateformsettings
2024-10-09 19:43:30,216 [INFO] IPUIPlugin:80 - create IPUIPlugin
2024-10-09 19:43:30,216 [INFO] PluginManager:220 - loadIPPluginJar : add quadspi
2024-10-09 19:43:30,247 [INFO] IPUIPlugin:80 - create IPUIPlugin
2024-10-09 19:43:30,247 [INFO] PluginManager:220 - loadIPPluginJar : add radio
2024-10-09 19:43:30,263 [INFO] IPUIPlugin:80 - create IPUIPlugin
2024-10-09 19:43:30,263 [INFO] PluginManager:220 - loadIPPluginJar : add resmgrutility
2024-10-09 19:43:30,341 [INFO] IPUIPlugin:80 - create IPUIPlugin
2024-10-09 19:43:30,341 [INFO] PluginManager:220 - loadIPPluginJar : add sai
2024-10-09 19:43:30,404 [INFO] IPUIPlugin:80 - create IPUIPlugin
2024-10-09 19:43:30,404 [INFO] PluginManager:220 - loadIPPluginJar : add spi
2024-10-09 19:43:30,513 [INFO] IPUIPlugin:80 - create IPUIPlugin
2024-10-09 19:43:30,513 [INFO] PluginManager:220 - loadIPPluginJar : add stm32_wpan
2024-10-09 19:43:30,544 [INFO] IPUIPlugin:80 - create IPUIPlugin
2024-10-09 19:43:30,544 [INFO] PluginManager:220 - loadIPPluginJar : add tim
2024-10-09 19:43:30,638 [INFO] IPUIPlugin:80 - create IPUIPlugin
2024-10-09 19:43:30,638 [INFO] PluginManager:220 - loadIPPluginJar : add touchsensing
2024-10-09 19:43:30,685 [INFO] IPUIPlugin:80 - create IPUIPlugin
2024-10-09 19:43:30,685 [INFO] PluginManager:220 - loadIPPluginJar : add tracer_emb
2024-10-09 19:43:30,716 [INFO] IPUIPlugin:80 - create IPUIPlugin
2024-10-09 19:43:30,716 [INFO] PluginManager:220 - loadIPPluginJar : add ts
2024-10-09 19:43:30,747 [INFO] IPUIPlugin:80 - create IPUIPlugin
2024-10-09 19:43:30,747 [INFO] PluginManager:220 - loadIPPluginJar : add tsc
2024-10-09 19:43:30,778 [INFO] IPUIPlugin:80 - create IPUIPlugin
2024-10-09 19:43:30,778 [INFO] PluginManager:220 - loadIPPluginJar : add ucpd
2024-10-09 19:43:30,841 [INFO] IPUIPlugin:80 - create IPUIPlugin
2024-10-09 19:43:30,841 [INFO] PluginManager:220 - loadIPPluginJar : add usart
2024-10-09 19:43:30,903 [INFO] IPUIPlugin:80 - create IPUIPlugin
2024-10-09 19:43:30,903 [INFO] PluginManager:220 - loadIPPluginJar : add usbx
2024-10-09 19:43:31,044 [INFO] CADModel:165 - CPN selected for project level
2024-10-09 19:43:31,044 [INFO] CADModel:114 - Register for checkConnection events
2024-10-09 19:43:31,044 [FATAL] Updater:334 - Updater called before beeing initialized
2024-10-09 19:43:31,044 [ERROR] CADModel:125 - Updater not yet initialized, retry later 
2024-10-09 19:43:31,278 [INFO] CADModel:165 - CPN selected for project level
2024-10-09 19:43:31,278 [INFO] CADModel:114 - Register for checkConnection events
2024-10-09 19:43:31,278 [FATAL] Updater:334 - Updater called before beeing initialized
2024-10-09 19:43:31,278 [ERROR] CADModel:125 - Updater not yet initialized, retry later 
2024-10-09 19:43:31,294 [FATAL] Updater:334 - Updater called before beeing initialized
2024-10-09 19:43:31,591 [FATAL] Updater:334 - Updater called before beeing initialized
2024-10-09 19:43:31,606 [INFO] DbMcusAds:53 - JSON generation date=Thu May 16 06:22:00 ART 2024 (1715851320667)
2024-10-09 19:43:31,606 [FATAL] Updater:334 - Updater called before beeing initialized
2024-10-09 19:43:31,700 [WARN] DetailPanel:346 - Failed to get advertising image, set to default
2024-10-09 19:43:31,934 [FATAL] Updater:334 - Updater called before beeing initialized
2024-10-09 19:43:31,934 [FATAL] Updater:334 - Updater called before beeing initialized
2024-10-09 19:43:31,934 [FATAL] Updater:334 - Updater called before beeing initialized
2024-10-09 19:43:31,934 [WARN] DetailPanel:346 - Failed to get advertising image, set to default
2024-10-09 19:43:31,950 [FATAL] Updater:334 - Updater called before beeing initialized
2024-10-09 19:43:32,044 [ERROR] Updater:1164 - MainUpdater not yet initialized. External WinMGr cannot be set.
2024-10-09 19:43:32,075 [INFO] Updater:1100 - Updater Version found : 6.12.0
2024-10-09 19:43:32,106 [INFO] ApplicationProperties:184 - Using Application install path: C:\ST\STM32CubeIDE_1.16.0\STM32CubeIDE\plugins\com.st.stm32cube.common.mx_6.12.0.202406281431
2024-10-09 19:43:33,090 [INFO] ThirdPartyUpdaterWithRetryManager:70 - Updater plugin not ready yet. [3/15]
2024-10-09 19:43:33,747 [ERROR] LogOutputStream:75 - [STDERR_REDIRECT] Oct 09, 2024 7:43:33 PM java.util.prefs.WindowsPreferences <init>
2024-10-09 19:43:33,762 [ERROR] LogOutputStream:75 - [STDERR_REDIRECT] WARNING: Could not open/create prefs root node Software\JavaSoft\Prefs at root 0xffffffff80000002. Windows RegCreateKeyEx(...) returned error code 5.
2024-10-09 19:43:33,762 [ERROR] LogOutputStream:75 - [STDERR_REDIRECT] 
2024-10-09 19:43:34,387 [INFO] MainUpdater:2873 - connection check result : 10
2024-10-09 19:43:34,387 [INFO] MainUpdater:3567 - Updater definition file requires update
2024-10-09 19:43:34,387 [INFO] MainUpdater:290 - Updater Check For Update Now.
2024-10-09 19:43:34,387 [INFO] MicroXplorer:498 - Change Database Version : DB.6.0.120
2024-10-09 19:43:34,418 [INFO] McuFinderGlobals:63 - Set McuFinder mode to 2 (CubeIDE integrated)
2024-10-09 19:43:34,418 [INFO] UserAuth:417 - Internet connection configuration mode: 1
2024-10-09 19:43:34,465 [INFO] JxBrowserEngine:152 - Initiate JxBrowser Engine with user profile folder
2024-10-09 19:43:34,481 [INFO] ServerAccessManage:473 - Download File updaters.zip
2024-10-09 19:43:34,981 [INFO] FileExtend:240 - Unzip File : updaters.zip
2024-10-09 19:43:34,981 [INFO] FileExtend:255 - Standard Zip Deflate
2024-10-09 19:43:36,183 [WARN] MainUpdater:1194 - Updater busy. Cannot search thirdparties
2024-10-09 19:43:36,183 [INFO] ThirdPartyUpdaterWithRetryManager:96 - Updater plugin is busy. [1/15]
2024-10-09 19:43:36,340 [INFO] ServerAccessManage:473 - Download File PacksControlFlags.xml
2024-10-09 19:43:36,683 [INFO] ServerAccessManage:473 - Download File cubemx.pidx
2024-10-09 19:43:38,261 [INFO] ServerAccessManage:473 - Download File STMicroelectronics.X-CUBE-AI.pdsc
2024-10-09 19:43:39,230 [WARN] MainUpdater:1194 - Updater busy. Cannot search thirdparties
2024-10-09 19:43:39,230 [INFO] ThirdPartyUpdaterWithRetryManager:96 - Updater plugin is busy. [2/15]
2024-10-09 19:43:39,854 [INFO] ServerAccessManage:473 - Download File STMicroelectronics.X-CUBE-GNSS1.pdsc
2024-10-09 19:43:41,198 [ERROR] ServerAccessManage:1089 - Problem, file not found on Server
2024-10-09 19:43:42,073 [ERROR] ServerAccessManage:1089 - Problem, file not found on Server
2024-10-09 19:43:42,245 [WARN] MainUpdater:1194 - Updater busy. Cannot search thirdparties
2024-10-09 19:43:42,245 [INFO] ThirdPartyUpdaterWithRetryManager:96 - Updater plugin is busy. [3/15]
2024-10-09 19:43:42,947 [ERROR] ServerAccessManage:1089 - Problem, file not found on Server
2024-10-09 19:43:43,838 [ERROR] ServerAccessManage:1089 - Problem, file not found on Server
2024-10-09 19:43:44,697 [ERROR] ServerAccessManage:1089 - Problem, file not found on Server
2024-10-09 19:43:44,729 [ERROR] ServerAccessManage:1089 - Problem, file not found on Server
2024-10-09 19:43:44,760 [INFO] ServerAccessManage:473 - Download File STMicroelectronics.X-CUBE-ISPU.pdsc
2024-10-09 19:43:44,885 [INFO] ServerAccessManage:473 - Download File STMicroelectronics.X-CUBE-IPS.pdsc
2024-10-09 19:43:45,229 [INFO] ServerAccessManage:473 - Download File STMicroelectronics.X-CUBE-NFC9.pdsc
2024-10-09 19:43:45,260 [WARN] MainUpdater:1194 - Updater busy. Cannot search thirdparties
2024-10-09 19:43:45,260 [INFO] ThirdPartyUpdaterWithRetryManager:96 - Updater plugin is busy. [4/15]
2024-10-09 19:43:45,307 [INFO] ServerAccessManage:473 - Download File STMicroelectronics.X-CUBE-NFC10.pdsc
2024-10-09 19:43:45,666 [INFO] ServerAccessManage:473 - Download File STMicroelectronics.X-CUBE-TOUCHGFX.pdsc
2024-10-09 19:43:46,572 [INFO] ServerAccessManage:473 - Download File STMicroelectronics.X-CUBE-WB05N.pdsc
2024-10-09 19:43:47,229 [WARN] PackLoader:240 - Cannot read IP mode file for STMicroelectronics.X-CUBE-AI.9.1.0
2024-10-09 19:43:47,260 [WARN] PackLoader:240 - Cannot read IP mode file for STMicroelectronics.X-CUBE-GNSS1.7.0.0
2024-10-09 19:43:47,291 [WARN] PackLoader:240 - Cannot read IP mode file for STMicroelectronics.X-CUBE-ISPU.2.1.0
2024-10-09 19:43:47,385 [WARN] PackLoader:240 - Cannot read IP mode file for STMicroelectronics.X-CUBE-IPS.3.0.0
2024-10-09 19:43:47,416 [WARN] PackLoader:240 - Cannot read IP mode file for STMicroelectronics.X-CUBE-NFC9.1.0.0
2024-10-09 19:43:47,494 [WARN] PackLoader:240 - Cannot read IP mode file for STMicroelectronics.X-CUBE-NFC10.1.0.0
2024-10-09 19:43:47,510 [WARN] PackLoader:240 - Cannot read IP mode file for STMicroelectronics.X-CUBE-TOUCHGFX.4.24.1
2024-10-09 19:43:47,510 [WARN] PackLoader:240 - Cannot read IP mode file for STMicroelectronics.X-CUBE-WB05N.1.1.0
2024-10-09 19:43:47,541 [INFO] PopulateThirdPartyThread:66 - Ending populate Thread
2024-10-09 19:43:47,541 [INFO] ThirdParty:1030 - CMSIS Pack Vendor :STMicroelectronics X-CUBE-IPS 3.0.0
2024-10-09 19:43:47,541 [INFO] ThirdParty:1030 - CMSIS Pack Vendor :STMicroelectronics X-CUBE-GNSS1 7.0.0
2024-10-09 19:43:47,541 [INFO] ThirdParty:1030 - CMSIS Pack Vendor :STMicroelectronics X-CUBE-NFC9 1.0.0
2024-10-09 19:43:47,541 [INFO] ThirdParty:1030 - CMSIS Pack Vendor :STMicroelectronics X-CUBE-AI 9.1.0
2024-10-09 19:43:47,541 [INFO] ThirdParty:1030 - CMSIS Pack Vendor :STMicroelectronics X-CUBE-NFC10 1.0.0
2024-10-09 19:43:47,541 [INFO] ThirdParty:1030 - CMSIS Pack Vendor :STMicroelectronics X-CUBE-TOUCHGFX 4.24.1
2024-10-09 19:43:47,541 [INFO] ThirdParty:1030 - CMSIS Pack Vendor :STMicroelectronics X-CUBE-WB05N 1.1.0
2024-10-09 19:43:47,541 [INFO] ThirdParty:1030 - CMSIS Pack Vendor :STMicroelectronics X-CUBE-ISPU 2.1.0
2024-10-09 19:43:47,541 [INFO] LoadServerUpdatesThread:375 - End of LoadServerUpdate Thread
2024-10-09 19:43:47,650 [INFO] CheckServerUpdateThread:120 - End of CheckServer Thread
2024-10-09 19:43:48,900 [INFO] WebApp:167 - Instantiating new browser for Auth
2024-10-09 19:43:48,947 [WARN] PackLoader:240 - Cannot read IP mode file for STMicroelectronics.FP-SNS-MOTENVWB1.1.4.0
2024-10-09 19:43:49,009 [WARN] PackLoader:240 - Cannot read IP mode file for STMicroelectronics.X-CUBE-SMBUS.2.1.0
2024-10-09 19:43:49,056 [WARN] PackLoader:240 - Cannot read IP mode file for STMicroelectronics.X-CUBE-WB05N.1.1.0
2024-10-09 19:43:49,205 [WARN] PackLoader:240 - Cannot read IP mode file for STMicroelectronics.X-CUBE-AZRTOS-F7.1.1.0
2024-10-09 19:43:49,455 [WARN] PackLoader:240 - Cannot read IP mode file for STMicroelectronics.X-CUBE-MEMS1.11.0.0
2024-10-09 19:43:50,146 [WARN] PackLoader:240 - Cannot read IP mode file for STMicroelectronics.FP-SNS-FLIGHT1.5.0.2
2024-10-09 19:43:50,202 [WARN] PackLoader:240 - Cannot read IP mode file for STMicroelectronics.X-CUBE-DISPLAY.3.0.0
2024-10-09 19:43:50,280 [WARN] PackLoader:240 - Cannot read IP mode file for STMicroelectronics.X-CUBE-BLE1.7.0.0
2024-10-09 19:43:50,280 [WARN] PackLoader:240 - Cannot read IP mode file for STMicroelectronics.X-CUBE-NFC10.1.0.0
2024-10-09 19:43:50,375 [WARN] PackLoader:240 - Cannot read IP mode file for emotas.I-CUBE-CANOPEN.1.3.0
2024-10-09 19:43:50,434 [WARN] PackLoader:240 - Cannot read IP mode file for STMicroelectronics.X-CUBE-BLEMGR.3.1.0
2024-10-09 19:43:50,465 [WARN] PackLoader:240 - Cannot read IP mode file for STMicroelectronics.FP-SNS-SMARTAG2.1.2.0
2024-10-09 19:43:50,543 [INFO] LogOutputStream:77 - [STDOUT_REDIRECT] 1 : Invalid condition id : UX_CORESTACK_Condition cause : null
2024-10-09 19:43:50,543 [INFO] LogOutputStream:77 - [STDOUT_REDIRECT] 1 : Invalid condition id : UX_CORESTACK_Condition cause : null
2024-10-09 19:43:50,559 [INFO] LogOutputStream:77 - [STDOUT_REDIRECT] 1 : Invalid condition id : UX_CORESTACK_Condition cause : null
2024-10-09 19:43:50,559 [INFO] LogOutputStream:77 - [STDOUT_REDIRECT] 1 : Invalid condition id : UX_CORESTACK_Condition cause : null
2024-10-09 19:43:50,559 [INFO] LogOutputStream:77 - [STDOUT_REDIRECT] 1 : Invalid condition id : UX_CORESTACK_Condition cause : null
2024-10-09 19:43:50,574 [WARN] PackLoader:240 - Cannot read IP mode file for STMicroelectronics.X-CUBE-AZRTOS-WL.2.0.0
2024-10-09 19:43:50,605 [WARN] PackLoader:240 - Cannot read IP mode file for STMicroelectronics.FP-SNS-MOTENV1.5.0.0
2024-10-09 19:43:50,637 [WARN] PackLoader:240 - Cannot read IP mode file for wolfSSL.I-CUBE-wolfMQTT.1.19.0
2024-10-09 19:43:50,717 [WARN] PackLoader:240 - Cannot read IP mode file for WES.I-CUBE-Cesium.1.3.0
2024-10-09 19:43:50,749 [WARN] PackLoader:240 - Cannot read IP mode file for STMicroelectronics.X-CUBE-BLE2.3.3.0
2024-10-09 19:43:50,753 [WARN] PackLoader:240 - Cannot read IP mode file for STMicroelectronics.X-CUBE-NFC9.1.0.0
2024-10-09 19:43:50,815 [WARN] PackLoader:240 - Cannot read IP mode file for STMicroelectronics.X-CUBE-TCPP.4.1.0
2024-10-09 19:43:51,011 [WARN] PackLoader:240 - Cannot read IP mode file for STMicroelectronics.X-CUBE-AZRTOS-G0.1.1.0
2024-10-09 19:43:51,114 [WARN] PackLoader:240 - Cannot read IP mode file for STMicroelectronics.X-CUBE-SAFEA1.1.2.2
2024-10-09 19:43:51,472 [INFO] WebApp:448 - Apply proxy settings
2024-10-09 19:43:51,472 [INFO] WebApp:533 - Chromium requires no authentication
2024-10-09 19:43:51,472 [WARN] PackLoader:240 - Cannot read IP mode file for STMicroelectronics.X-CUBE-NFC4.3.0.0
2024-10-09 19:43:51,505 [INFO] WebApp:476 - Direct internet connection detected
2024-10-09 19:43:51,555 [WARN] PackLoader:240 - Cannot read IP mode file for EmbeddedOffice.I-CUBE-FS-RTOS.1.0.1
2024-10-09 19:43:51,555 [ERROR] ConditionMgr:805 - Attr not supported : Dmpu
2024-10-09 19:43:51,555 [ERROR] ConditionMgr:805 - Attr not supported : Dmpu
2024-10-09 19:43:51,556 [ERROR] ConditionMgr:805 - Attr not supported : Dmpu
2024-10-09 19:43:51,556 [ERROR] ConditionMgr:805 - Attr not supported : Dmpu
2024-10-09 19:43:51,556 [ERROR] ConditionMgr:805 - Attr not supported : Dmpu
2024-10-09 19:43:51,556 [ERROR] ConditionMgr:805 - Attr not supported : Dmpu
2024-10-09 19:43:51,556 [ERROR] ConditionMgr:805 - Attr not supported : Dmpu
2024-10-09 19:43:51,556 [ERROR] ConditionMgr:805 - Attr not supported : Dmpu
2024-10-09 19:43:51,556 [ERROR] ConditionMgr:805 - Attr not supported : Dmpu
2024-10-09 19:43:51,556 [ERROR] ConditionMgr:805 - Attr not supported : Dmpu
2024-10-09 19:43:51,556 [ERROR] ConditionMgr:805 - Attr not supported : Dmpu
2024-10-09 19:43:51,556 [ERROR] ConditionMgr:805 - Attr not supported : Dmpu
2024-10-09 19:43:51,557 [ERROR] ConditionMgr:805 - Attr not supported : Dmpu
2024-10-09 19:43:51,557 [ERROR] ConditionMgr:805 - Attr not supported : Dmpu
2024-10-09 19:43:51,557 [ERROR] ConditionMgr:805 - Attr not supported : Dmpu
2024-10-09 19:43:51,557 [ERROR] ConditionMgr:805 - Attr not supported : Dmpu
2024-10-09 19:43:51,557 [ERROR] ConditionMgr:805 - Attr not supported : Dmpu
2024-10-09 19:43:51,557 [ERROR] ConditionMgr:805 - Attr not supported : Dmpu
2024-10-09 19:43:51,557 [ERROR] ConditionMgr:805 - Attr not supported : Dmpu
2024-10-09 19:43:51,557 [ERROR] ConditionMgr:805 - Attr not supported : Dmpu
2024-10-09 19:43:51,557 [ERROR] ConditionMgr:805 - Attr not supported : Dmpu
2024-10-09 19:43:51,557 [ERROR] ConditionMgr:805 - Attr not supported : Dmpu
2024-10-09 19:43:51,557 [ERROR] ConditionMgr:805 - Attr not supported : Dmpu
2024-10-09 19:43:51,557 [ERROR] ConditionMgr:805 - Attr not supported : Dmpu
2024-10-09 19:43:51,558 [ERROR] ConditionMgr:805 - Attr not supported : Dmpu
2024-10-09 19:43:51,558 [ERROR] ConditionMgr:805 - Attr not supported : Dmpu
2024-10-09 19:43:51,558 [ERROR] ConditionMgr:805 - Attr not supported : Dmpu
2024-10-09 19:43:51,558 [ERROR] ConditionMgr:805 - Attr not supported : Dmpu
2024-10-09 19:43:51,558 [ERROR] ConditionMgr:805 - Attr not supported : Dmpu
2024-10-09 19:43:51,558 [ERROR] ConditionMgr:805 - Attr not supported : Dmpu
2024-10-09 19:43:51,558 [ERROR] ConditionMgr:805 - Attr not supported : Dmpu
2024-10-09 19:43:51,558 [ERROR] ConditionMgr:805 - Attr not supported : Dmpu
2024-10-09 19:43:51,558 [ERROR] ConditionMgr:805 - Attr not supported : Dmpu
2024-10-09 19:43:51,558 [ERROR] ConditionMgr:805 - Attr not supported : Dmpu
2024-10-09 19:43:51,558 [ERROR] ConditionMgr:805 - Attr not supported : Dmpu
2024-10-09 19:43:51,558 [ERROR] ConditionMgr:805 - Attr not supported : Dmpu
2024-10-09 19:43:51,559 [ERROR] ConditionMgr:805 - Attr not supported : Dmpu
2024-10-09 19:43:51,559 [ERROR] ConditionMgr:805 - Attr not supported : Dmpu
2024-10-09 19:43:51,559 [ERROR] ConditionMgr:805 - Attr not supported : Dmpu
2024-10-09 19:43:51,559 [ERROR] ConditionMgr:805 - Attr not supported : Dmpu
2024-10-09 19:43:51,559 [ERROR] ConditionMgr:805 - Attr not supported : Dmpu
2024-10-09 19:43:51,559 [ERROR] ConditionMgr:805 - Attr not supported : Dmpu
2024-10-09 19:43:51,559 [ERROR] ConditionMgr:805 - Attr not supported : Dmpu
2024-10-09 19:43:51,559 [ERROR] ConditionMgr:805 - Attr not supported : Dmpu
2024-10-09 19:43:51,559 [ERROR] ConditionMgr:805 - Attr not supported : Dmpu
2024-10-09 19:43:51,560 [ERROR] ConditionMgr:805 - Attr not supported : Dmpu
2024-10-09 19:43:51,560 [ERROR] ConditionMgr:805 - Attr not supported : Dmpu
2024-10-09 19:43:51,560 [ERROR] ConditionMgr:805 - Attr not supported : Dmpu
2024-10-09 19:43:51,560 [ERROR] ConditionMgr:805 - Attr not supported : Dmpu
2024-10-09 19:43:51,560 [ERROR] ConditionMgr:805 - Attr not supported : Dmpu
2024-10-09 19:43:51,560 [ERROR] ConditionMgr:805 - Attr not supported : Dmpu
2024-10-09 19:43:51,560 [ERROR] ConditionMgr:805 - Attr not supported : Dmpu
2024-10-09 19:43:51,560 [ERROR] ConditionMgr:805 - Attr not supported : Dmpu
2024-10-09 19:43:51,560 [ERROR] ConditionMgr:805 - Attr not supported : Dmpu
2024-10-09 19:43:51,560 [ERROR] ConditionMgr:805 - Attr not supported : Dmpu
2024-10-09 19:43:51,560 [ERROR] ConditionMgr:805 - Attr not supported : Dmpu
2024-10-09 19:43:51,561 [ERROR] ConditionMgr:805 - Attr not supported : Dmpu
2024-10-09 19:43:51,561 [ERROR] ConditionMgr:805 - Attr not supported : Dmpu
2024-10-09 19:43:51,561 [ERROR] ConditionMgr:805 - Attr not supported : Dmpu
2024-10-09 19:43:51,561 [ERROR] ConditionMgr:805 - Attr not supported : Dmpu
2024-10-09 19:43:51,561 [ERROR] ConditionMgr:805 - Attr not supported : Dmpu
2024-10-09 19:43:51,561 [ERROR] ConditionMgr:805 - Attr not supported : Dmpu
2024-10-09 19:43:51,561 [ERROR] ConditionMgr:805 - Attr not supported : Dmpu
2024-10-09 19:43:51,561 [ERROR] ConditionMgr:805 - Attr not supported : Dmpu
2024-10-09 19:43:51,571 [INFO] WebApp:869 - Register for checkConnection events
2024-10-09 19:43:51,571 [INFO] WebApp:448 - Apply proxy settings
2024-10-09 19:43:51,571 [INFO] WebApp:533 - Chromium requires no authentication
2024-10-09 19:43:51,571 [INFO] WebApp:476 - Direct internet connection detected
2024-10-09 19:43:51,603 [WARN] PackLoader:240 - Cannot read IP mode file for RealThread.X-CUBE-RT-Thread_Nano.4.1.1
2024-10-09 19:43:51,618 [WARN] PackLoader:240 - Cannot read IP mode file for STMicroelectronics.FP-ATR-SIGFOX1.3.2.0
2024-10-09 19:43:51,634 [WARN] PackLoader:240 - Cannot read IP mode file for wolfSSL.I-CUBE-wolfSSL.5.7.2
2024-10-09 19:43:51,712 [WARN] PackLoader:240 - Cannot read IP mode file for STMicroelectronics.X-CUBE-EEPRMA1.5.1.0
2024-10-09 19:43:51,743 [WARN] PackLoader:240 - Cannot read IP mode file for ITTIA_DB.I-CUBE-ITTIADB.8.9.0
2024-10-09 19:43:51,853 [WARN] PackLoader:240 - Cannot read IP mode file for SEGGER.I-CUBE-embOS.1.3.1
2024-10-09 19:43:52,024 [WARN] PackLoader:240 - Cannot read IP mode file for STMicroelectronics.X-CUBE-ALGOBUILD.1.4.0
2024-10-09 19:43:52,040 [WARN] PackLoader:240 - Cannot read IP mode file for STMicroelectronics.X-CUBE-AI.9.1.0
2024-10-09 19:43:52,071 [WARN] PackLoader:240 - Cannot read IP mode file for STMicroelectronics.X-CUBE-GNSS1.6.0.0
2024-10-09 19:43:52,134 [WARN] PackLoader:240 - Cannot read IP mode file for STMicroelectronics.X-CUBE-AZRTOS-F4.1.1.0
2024-10-09 19:43:52,149 [WARN] PackLoader:240 - Cannot read IP mode file for STMicroelectronics.X-CUBE-ISPU.2.1.0
2024-10-09 19:43:52,196 [WARN] PackLoader:240 - Cannot read IP mode file for STMicroelectronics.X-CUBE-FREERTOS.1.2.0
2024-10-09 19:43:52,316 [INFO] WebApp:220 - Starting web application
2024-10-09 19:43:52,316 [INFO] WebApp:578 - Web application path used C:\ST\STM32CubeIDE_1.16.0\STM32CubeIDE\plugins\com.st.stm32cube.common.mx_6.12.0.202406281431\db\plugins\mcufinder\reactClient1\index.html
2024-10-09 19:43:52,338 [WARN] PackLoader:240 - Cannot read IP mode file for STMicroelectronics.X-CUBE-AZRTOS-L5.2.0.0
2024-10-09 19:43:52,449 [WARN] PackLoader:240 - Cannot read IP mode file for STMicroelectronics.X-CUBE-NFC6.3.1.0
2024-10-09 19:43:52,618 [WARN] PackLoader:240 - Cannot read IP mode file for STMicroelectronics.X-CUBE-DPower.1.2.0
2024-10-09 19:43:52,674 [INFO] WebApp:186 - Connection restablished
2024-10-09 19:43:52,702 [WARN] PackLoader:240 - Cannot read IP mode file for STMicroelectronics.X-CUBE-AI.9.0.0
2024-10-09 19:43:52,750 [WARN] PackLoader:240 - Cannot read IP mode file for STMicroelectronics.X-CUBE-NFC7.1.0.1
2024-10-09 19:43:52,830 [INFO] UserAuth:417 - Internet connection configuration mode: 1
2024-10-09 19:43:53,090 [WARN] ConditionMgr:438 - getConditionDescription Invalid condition id : LAN8742 Phy interface Condition cause : null
2024-10-09 19:43:53,120 [WARN] PackLoader:240 - Cannot read IP mode file for STMicroelectronics.X-CUBE-AZRTOS-L4.2.0.0
2024-10-09 19:43:53,120 [WARN] ConditionMgr:1039 - genDependencies : Invalid condition id : LAN8742 Phy interface Condition cause : null
2024-10-09 19:43:53,120 [WARN] ConditionMgr:1039 - genDependencies : Invalid condition id : LAN8742 Phy interface Condition cause : null
2024-10-09 19:43:53,133 [WARN] ConditionMgr:1039 - genDependencies : Invalid condition id : LAN8742 Phy interface Condition cause : null
2024-10-09 19:43:53,326 [WARN] PackLoader:240 - Cannot read IP mode file for STMicroelectronics.X-CUBE-SFXS2LP1.4.0.0
2024-10-09 19:43:53,548 [WARN] PackLoader:240 - Cannot read IP mode file for STMicroelectronics.X-CUBE-AZRTOS-H7.3.3.0
2024-10-09 19:43:53,638 [WARN] PackLoader:240 - Cannot read IP mode file for STMicroelectronics.X-CUBE-IPS.3.0.0
2024-10-09 19:43:53,689 [WARN] ConditionMgr:438 - getConditionDescription Invalid condition id : UX DEVICE CLASS RTOS Condition cause : null
2024-10-09 19:43:53,689 [WARN] ConditionMgr:438 - getConditionDescription Invalid condition id : UX DEVICE CLASS RTOS Condition cause : null
2024-10-09 19:43:53,689 [WARN] PackLoader:240 - Cannot read IP mode file for STMicroelectronics.X-CUBE-AZRTOS-WB.2.0.0
2024-10-09 19:43:53,689 [WARN] ConditionMgr:1039 - genDependencies : Invalid condition id : UX DEVICE CLASS RTOS Condition cause : null
2024-10-09 19:43:53,689 [WARN] ConditionMgr:1039 - genDependencies : Invalid condition id : UX DEVICE CLASS RTOS Condition cause : null
2024-10-09 19:43:53,689 [WARN] ConditionMgr:1039 - genDependencies : Invalid condition id : UX DEVICE CLASS RTOS Condition cause : null
2024-10-09 19:43:53,689 [WARN] ConditionMgr:1039 - genDependencies : Invalid condition id : UX DEVICE CLASS RTOS Condition cause : null
2024-10-09 19:43:53,689 [WARN] ConditionMgr:1039 - genDependencies : Invalid condition id : UX DEVICE CLASS RTOS Condition cause : null
2024-10-09 19:43:53,689 [WARN] PackLoader:240 - Cannot read IP mode file for STMicroelectronics.X-CUBE-GNSS1.7.0.0
2024-10-09 19:43:53,738 [WARN] PackLoader:240 - Cannot read IP mode file for STMicroelectronics.FP-SNS-STBOX1.2.0.0
2024-10-09 19:43:53,804 [WARN] PackLoader:240 - Cannot read IP mode file for STMicroelectronics.X-CUBE-SUBG2.5.0.0
2024-10-09 19:43:53,956 [WARN] PackLoader:240 - Cannot read IP mode file for Cesanta.I-CUBE-Mongoose.7.13.0
2024-10-09 19:43:54,078 [WARN] PackLoader:240 - Cannot read IP mode file for STMicroelectronics.X-CUBE-AZRTOS-G4.2.0.0
2024-10-09 19:43:54,206 [WARN] PackLoader:240 - Cannot read IP mode file for STMicroelectronics.X-CUBE-ISPU.2.0.0
2024-10-09 19:43:54,285 [WARN] PackLoader:240 - Cannot read IP mode file for STMicroelectronics.X-CUBE-ALS.1.0.2
2024-10-09 19:43:54,368 [WARN] PackLoader:240 - Cannot read IP mode file for STMicroelectronics.X-CUBE-TOUCHGFX.4.24.0
2024-10-09 19:43:54,372 [WARN] PackLoader:240 - Cannot read IP mode file for STMicroelectronics.X-CUBE-TOUCHGFX.4.24.1
2024-10-09 19:43:54,392 [WARN] PackLoader:240 - Cannot read IP mode file for wolfSSL.I-CUBE-wolfTPM.3.4.0
2024-10-09 19:43:54,412 [WARN] PackLoader:240 - Cannot read IP mode file for portGmbH.I-Cube-SoM-uGOAL.1.1.0
2024-10-09 19:43:54,488 [WARN] PackLoader:240 - Cannot read IP mode file for STMicroelectronics.X-CUBE-AZRTOS-H7RS.1.0.0
2024-10-09 19:43:54,510 [WARN] PackLoader:240 - Cannot read IP mode file for STMicroelectronics.FP-ATR-ASTRA1.2.0.0
2024-10-09 19:43:54,538 [WARN] PackLoader:240 - Cannot read IP mode file for STMicroelectronics.X-CUBE-TOF1.3.4.2
2024-10-09 19:43:54,670 [WARN] PackLoader:240 - Cannot read IP mode file for Infineon.AIROC-Wi-Fi-Bluetooth-STM32.1.6.1
2024-10-09 19:43:54,720 [WARN] PackLoader:240 - Cannot read IP mode file for wolfSSL.I-CUBE-wolfSSH.1.4.17
2024-10-09 19:43:54,720 [INFO] ThirdParty:978 - Integrity check success = true
2024-10-09 19:43:54,720 [INFO] IntegrityCheckThread:100 - exiting critical section [integrity check]
2024-10-09 19:43:54,720 [INFO] IntegrityCheckThread:103 - End integrity checks thread
2024-10-09 20:11:35,227 [INFO] McuFinderGlobals:63 - Set McuFinder mode to 2 (CubeIDE integrated)
2024-10-09 20:11:35,254 [INFO] MainUpdater:2873 - connection check result : 10
2024-10-09 20:11:35,281 [INFO] McuFinderGlobals:76 - Set McuFinderConnectedMode to true
2024-10-09 20:11:35,572 [INFO] ServerAccessManage:473 - Download File mcusAds.json._tmp_
2024-10-09 20:11:35,684 [INFO] LoadUrlFilesThread:156 - End of LoadUrlFiles Thread
2024-10-09 20:11:35,782 [INFO] ServerAccessManage:473 - Download File cube-finder-db.zip
2024-10-09 20:11:44,646 [INFO] FileExtend:240 - Unzip File : cube-finder-db.zip
2024-10-09 20:11:44,646 [INFO] FileExtend:255 - Standard Zip Deflate
2024-10-09 20:11:45,815 [INFO] LoadUrlFilesThread:156 - End of LoadUrlFiles Thread
2024-10-09 20:11:46,951 [INFO] ServerAccessManage:473 - Download File crdb.zip
2024-10-09 20:11:48,265 [INFO] FileExtend:240 - Unzip File : crdb.zip
2024-10-09 20:11:48,265 [INFO] FileExtend:255 - Standard Zip Deflate
2024-10-09 20:11:48,407 [INFO] LoadUrlFilesThread:156 - End of LoadUrlFiles Thread
2024-10-09 20:11:48,538 [INFO] ServerAccessManage:473 - Download File tutoVideoDB.zip
2024-10-09 20:11:48,570 [INFO] FileExtend:240 - Unzip File : tutoVideoDB.zip
2024-10-09 20:11:48,570 [INFO] FileExtend:255 - Standard Zip Deflate
2024-10-09 20:11:48,695 [INFO] LoadUrlFilesThread:156 - End of LoadUrlFiles Thread
2024-10-09 20:11:48,696 [WARN] DbFile:41 - Overriding database path with different value: C:\Users\tomig\.stmcufinder\plugins\mcufinder/ => C:\Users\tomig\.stmcufinder\plugins\mcufinder
2024-10-09 20:11:48,720 [INFO] ServerAccessManage:473 - Download File api_config.json
2024-10-09 20:11:48,826 [INFO] LoadUrlFilesThread:156 - End of LoadUrlFiles Thread
2024-10-09 20:11:48,826 [INFO] DbMcusAds:53 - JSON generation date=Fri Sep 20 10:04:23 ART 2024 (1726837463113)
2024-10-09 20:11:48,929 [INFO] ServerAccessManage:473 - Download File 
2024-10-09 20:11:48,941 [INFO] LoadUrlFilesThread:185 - End of LoadServerUrlFiles without Thread
2024-10-09 20:11:48,941 [INFO] TargetSelectorAdapter:259 - Refresh data is successful
2024-10-09 20:11:49,089 [INFO] ApiDb:581 - Connected to CubeFinder SQLite database (C:\Users\tomig\.stmcufinder\plugins\mcufinder\mcu\cube-finder-db.db)
2024-10-09 20:11:49,173 [INFO] ApiDb:668 - CubeFinder database Data Model version=2.1
2024-10-09 20:11:49,173 [INFO] ApiDb:669 - CubeFinder database Configuration version=3.0.39
2024-10-09 20:11:49,174 [INFO] ApiDb:670 - CubeFinder database generation date=2024-09-16 (1726485674)
2024-10-09 20:11:49,174 [INFO] ApiDb:671 - CubeFinder database FW Pack versions=[FP-ATR-ASTRA1_V2.0.0, FP-SNS-FLIGHT1_V5.0.2, FP-SNS-MOTENV1_V5.0.0, FP-SNS-MOTENVWB1_V1.4.0, FP-SNS-SMARTAG2_V1.2.0, FP-SNS-STBOX1_V2.0.0, STM32Cube_FW_C0_V1.2.0, STM32Cube_FW_F4_V1.28.1, STM32Cube_FW_F7_V1.17.2, STM32Cube_FW_G0_V1.6.2, STM32Cube_FW_G4_V1.6.0, STM32Cube_FW_H5_V1.3.0, STM32Cube_FW_H7RS_V1.1.0, STM32Cube_FW_H7_V1.11.2, STM32Cube_FW_L0_V1.12.2, STM32Cube_FW_L5_V1.5.1, STM32Cube_FW_U0_V1.1.0, STM32Cube_FW_U5_V1.6.0, STM32Cube_FW_WB0_V1.0.0, STM32Cube_FW_WBA_V1.4.1, STM32Cube_FW_WB_V1.20.0, STM32Cube_FW_WL_V1.3.0, X-CUBE-ALGOBUILD_V1.4.0, X-CUBE-ALS_V1.0.2, X-CUBE-AZRTOS-F4_V1.1.0, X-CUBE-AZRTOS-F7_V1.1.0, X-CUBE-AZRTOS-G0_V1.1.0, X-CUBE-AZRTOS-G4_V2.0.0, X-CUBE-AZRTOS-H7RS_V1.0.0, X-CUBE-AZRTOS-H7_V3.2.0, X-CUBE-AZRTOS-L4_V2.0.0, X-CUBE-AZRTOS-L5_V2.0.0, X-CUBE-AZRTOS-WB_V2.0.0, X-CUBE-AZRTOS-WL_V2.0.0, X-CUBE-BLE1_V7.0.0, X-CUBE-BLE2_V3.3.0, X-CUBE-BLEMGR_V3.1.0, X-CUBE-EEPRMA1_V5.1.0, X-CUBE-FREERTOS_V1.2.0, X-CUBE-GNSS1_V6.0.0, X-CUBE-MEMS1_V11.0.0, X-CUBE-NFC4_V3.0.0, X-CUBE-NFC7_V1.0.1, X-CUBE-SFXS2LP1_V4.0.0, X-CUBE-SUBG2_V5.0.0, X-CUBE-TOF1_V3.4.2]
2024-10-09 20:11:51,808 [INFO] ApiDb:240 - Found 646 in-development CPN: [B-G473E-ZEST1S, B-WB1M-WPAN1, B-WL5M-SUBG1, NUCLEO-C031C6, NUCLEO-C071RB, NUCLEO-H503RB, NUCLEO-H533RE, NUCLEO-H563ZI, NUCLEO-H7S3L8, NUCLEO-U031R8, NUCLEO-U083RC, NUCLEO-U545RE-Q, NUCLEO-U5A5ZJ-Q, NUCLEO-WB05KZ, NUCLEO-WB07CC, NUCLEO-WB09KE, NUCLEO-WBA52CG, NUCLEO-WBA55CG, STEVAL-PROTEUS1, STEVAL-SMARTAG2, STEVAL-STWINBX1, STM320518-EVAL, STM32C0116-DK, STM32C011D6Y3TR, STM32C011D6Y6TR, STM32C011F4P3, STM32C011F4P6, STM32C011F4U3, STM32C011F4U6TR, STM32C011F6P3, STM32C011F6P6, STM32C011F6U3, STM32C011F6U6TR, STM32C011J4M3, STM32C011J4M6, STM32C011J6M3, STM32C011J6M6, STM32C0316-DK, STM32C031C4T3, STM32C031C4T6, STM32C031C4U3, STM32C031C4U6, STM32C031C6T3, STM32C031C6T6, STM32C031C6U3, STM32C031C6U6, STM32C031F4P3, STM32C031F4P6, STM32C031F6P3, STM32C031F6P6, STM32C031G4U3, STM32C031G4U6, STM32C031G6U3, STM32C031G6U6, STM32C031K4T3, STM32C031K4T6, STM32C031K4U3, STM32C031K4U6, STM32C031K6T3, STM32C031K6T6, STM32C031K6U3, STM32C031K6U6, STM32C071C8T6, STM32C071C8T6N, STM32C071C8U6, STM32C071C8U6N, STM32C071CBT6, STM32C071CBT6N, STM32C071CBU6, STM32C071CBU6N, STM32C071F8P6, STM32C071F8P6N, STM32C071FBP6, STM32C071FBP6N, STM32C071FBY6TR, STM32C071G8U6, STM32C071G8U6N, STM32C071GBU6, STM32C071GBU6N, STM32C071K8T6, STM32C071K8T6N, STM32C071K8U6, STM32C071K8U6N, STM32C071KBT6, STM32C071KBT6N, STM32C071KBU6, STM32C071KBU6N, STM32C071R8T6, STM32C071R8T6N, STM32C071RBI6N, STM32C071RBT6, STM32C071RBT6N, STM32G071K8TXN, STM32G071K8UXN, STM32G081GBU6N, STM32G081KBT6N, STM32G081KBUXN, STM32G0B1CCT6N, STM32G0B1KCT6, STM32G0B1NEY6TR, STM32G0B1RCT6N, STM32G0C1CCT6, STM32G0C1CCT6N, STM32G0C1CCU6N, STM32G0C1CET6N, STM32G0C1CEU6N, STM32G0C1KCT6, STM32G0C1NEY6TR, STM32G0C1RCI6N, STM32G0C1RCT6N, STM32G0C1REI6N, STM32G0C1RET6N, STM32G0C1VCI6, STM32G0C1VEI6, STM32G411C6T3, STM32G411C6T6, STM32G411C6U3, STM32G411C6U6, STM32G411C8T3, STM32G411C8T6, STM32G411C8U3, STM32G411C8U6, STM32G411CBT3, STM32G411CBT6, STM32G411CBU3, STM32G411CBU6, STM32G411K6T3, STM32G411K6T6, STM32G411K6U3, STM32G411K6U6, STM32G411K8T3, STM32G411K8T6, STM32G411K8U3, STM32G411K8U6, STM32G411KBT3, STM32G411KBT6, STM32G411KBU3, STM32G411KBU6, STM32G411M6T3, STM32G411M6T6, STM32G411M8T3, STM32G411M8T6, STM32G411MBT3, STM32G411MBT6, STM32G411R6T3, STM32G411R6T6, STM32G411R8T3, STM32G411R8T6, STM32G411RBT3, STM32G411RBT6, STM32G414CBT3, STM32G414CBT6, STM32G414CBU3, STM32G414CBU6, STM32G414CCT3, STM32G414CCT6, STM32G414CCU3, STM32G414CCU6, STM32G414MBT3, STM32G414MBT6, STM32G414MCT3, STM32G414MCT6, STM32G414RBT3, STM32G414RBT6, STM32G414RCT3, STM32G414RCT6, STM32G414VBT3, STM32G414VBT6, STM32G414VCT3, STM32G414VCT6, STM32G431CBT3Z, STM32G431RBT3Z, STM32G471CCT6, STM32G471CCU6, STM32G471CET3, STM32G471CET6, STM32G471CEU3, STM32G471CEU6, STM32G471MCT6, STM32G471MET3, STM32G471MET6, STM32G471MEY6TR, STM32G471QCT6, STM32G471QET3, STM32G471RCT6, STM32G471RET3, STM32G471RET6, STM32G471VCH6, STM32G471VCI6, STM32G471VCT6, STM32G471VEH3, STM32G471VEH6, STM32G471VEI3, STM32G471VEI6, STM32G471VET3, STM32G471VET6, STM32G473QET3Z, STM32G473RET3Z, STM32G474CCT6, STM32G491RET3Z, STM32H503CBT6, STM32H503CBU6, STM32H503EBY6TR, STM32H503KBU6, STM32H503RBT6, STM32H523CCT6, STM32H523CCU6, STM32H523CET6, STM32H523CEU6, STM32H523HEY6TR, STM32H523RCT6, STM32H523RET6, STM32H523VCI6, STM32H523VCT6, STM32H523VEI6, STM32H523VET6, STM32H523ZCJ6, STM32H523ZCT6, STM32H523ZEJ6, STM32H523ZET6, STM32H533CET6, STM32H533CEU6, STM32H533HEY6TR, STM32H533RET6, STM32H533VEI6, STM32H533VET6, STM32H533ZEJ6, STM32H533ZET6, STM32H562AGI6, STM32H562AII6, STM32H562IGK6, STM32H562IGT6, STM32H562IIK6, STM32H562IIT6, STM32H562RGT6, STM32H562RGV6, STM32H562RIT6, STM32H562RIV6, STM32H562VGT6, STM32H562VIT6, STM32H562ZGT6, STM32H562ZIT6, STM32H563AGI6, STM32H563AII3Q, STM32H563AII6, STM32H563IGK6, STM32H563IGT6, STM32H563IIK3Q, STM32H563IIK6, STM32H563IIT3Q, STM32H563IIT6, STM32H563MIY3QTR, STM32H563RGT6, STM32H563RGV6, STM32H563RIT6, STM32H563RIV6, STM32H563VGT6, STM32H563VIT3Q, STM32H563VIT6, STM32H563ZGT6, STM32H563ZIT3Q, STM32H563ZIT6, STM32H573AII3Q, STM32H573AII6, STM32H573I-DK, STM32H573IIK3Q, STM32H573IIK6, STM32H573IIT3Q, STM32H573IIT6, STM32H573MIY3QTR, STM32H573RIT6, STM32H573RIV6, STM32H573VIT3Q, STM32H573VIT6, STM32H573ZIT3Q, STM32H573ZIT6, STM32H7R3A8I6, STM32H7R3I8K6, STM32H7R3I8T6, STM32H7R3L8H6, STM32H7R3L8H6H, STM32H7R3R8V6, STM32H7R3V8H6, STM32H7R3V8T6, STM32H7R3V8Y6TR, STM32H7R3Z8J6, STM32H7R3Z8T6, STM32H7R7A8I6, STM32H7R7I8K6, STM32H7R7I8T6, STM32H7R7L8H6, STM32H7R7L8H6H, STM32H7R7Z8J6, STM32H7S3A8I6, STM32H7S3I8K6, STM32H7S3I8T6, STM32H7S3L8H6, STM32H7S3L8H6H, STM32H7S3R8V6, STM32H7S3V8H6, STM32H7S3V8T6, STM32H7S3V8Y6TR, STM32H7S3Z8J6, STM32H7S3Z8T6, STM32H7S78-DK, STM32H7S7A8I6, STM32H7S7I8K6, STM32H7S7I8T6, STM32H7S7L8H6, STM32H7S7L8H6H, STM32H7S7Z8J6, STM32L4R5QGI6STR, STM32MP131AAE3, STM32MP131AAF3, STM32MP131AAG3, STM32MP131CAE3, STM32MP131CAF3, STM32MP131CAG3, STM32MP131DAE7, STM32MP131DAF7, STM32MP131DAG7, STM32MP131FAE7, STM32MP131FAF7, STM32MP131FAG7, STM32MP133AAE3, STM32MP133AAF3, STM32MP133AAG3, STM32MP133CAE3, STM32MP133CAF3, STM32MP133CAG3, STM32MP133DAE7, STM32MP133DAF7, STM32MP133DAG7, STM32MP133FAE7, STM32MP133FAF7, STM32MP133FAG7, STM32MP135AAE3, STM32MP135AAF3, STM32MP135AAG3, STM32MP135CAE3, STM32MP135CAF3, STM32MP135CAG3, STM32MP135DAE7, STM32MP135DAF7, STM32MP135DAG7, STM32MP135F-DK, STM32MP135FAE7, STM32MP135FAF7, STM32MP135FAF7T, STM32MP135FAF7U, STM32MP135FAG7, STM32MP251AAI3, STM32MP251AAK3, STM32MP251AAL3, STM32MP251CAI3, STM32MP251CAK3, STM32MP251CAL3, STM32MP251DAI3, STM32MP251DAK3, STM32MP251DAL3, STM32MP251FAI3, STM32MP251FAK3, STM32MP251FAL3, STM32MP253AAI3, STM32MP253AAK3, STM32MP253AAL3, STM32MP253CAI3, STM32MP253CAK3, STM32MP253CAL3, STM32MP253DAI3, STM32MP253DAK3, STM32MP253DAL3, STM32MP253FAI3, STM32MP253FAK3, STM32MP253FAL3, STM32MP255AAI3, STM32MP255AAK3, STM32MP255AAL3, STM32MP255CAI3, STM32MP255CAK3, STM32MP255CAL3, STM32MP255DAI3, STM32MP255DAK3, STM32MP255DAL3, STM32MP255FAI3, STM32MP255FAK3, STM32MP255FAL3, STM32MP257AAI3, STM32MP257AAK3, STM32MP257AAL3, STM32MP257CAI3, STM32MP257CAK3, STM32MP257CAL3, STM32MP257DAI3, STM32MP257DAK3, STM32MP257DAL3, STM32MP257F-DK, STM32MP257F-EV1, STM32MP257FAI3, STM32MP257FAK3, STM32MP257FAL3, STM32U031C6T6, STM32U031C6U6, STM32U031C8T6, STM32U031C8U6, STM32U031F4P6, STM32U031F6P6, STM32U031F8P6, STM32U031G6Y6TR, STM32U031G8Y6TR, STM32U031K4U6, STM32U031K6U6, STM32U031K8U6, STM32U031R6I6, STM32U031R6T6, STM32U031R8I6, STM32U031R8T6, STM32U073C8T6, STM32U073C8U6, STM32U073CBT6, STM32U073CBU6, STM32U073CCT6, STM32U073CCU6, STM32U073H8Y6TR, STM32U073HBY6TR, STM32U073HCY6TR, STM32U073K8U6, STM32U073KBU6, STM32U073KCU6, STM32U073M8I6, STM32U073M8T6, STM32U073MBI6, STM32U073MBT6, STM32U073MCI6, STM32U073MCT6, STM32U073R8I6, STM32U073R8T6, STM32U073RBI6, STM32U073RBT6, STM32U073RCI6, STM32U073RCT6, STM32U083C-DK, STM32U083CCT6, STM32U083CCU6, STM32U083HCY6TR, STM32U083KCU6, STM32U083MCI6, STM32U083MCT6, STM32U083RCI6, STM32U083RCT6, STM32U535CBT6, STM32U535CBT6Q, STM32U535CBU6, STM32U535CBU6Q, STM32U535CCT6, STM32U535CCT6Q, STM32U535CCU6, STM32U535CCU6Q, STM32U535CET6, STM32U535CET6Q, STM32U535CEU6, STM32U535CEU6Q, STM32U535JEY6QTR, STM32U535NCY6QTR, STM32U535NEY6QTR, STM32U535RBI6, STM32U535RBI6Q, STM32U535RBT6, STM32U535RBT6Q, STM32U535RCI6, STM32U535RCI6Q, STM32U535RCT6, STM32U535RCT6Q, STM32U535REI6, STM32U535REI6Q, STM32U535RET6, STM32U535RET6Q, STM32U535VCI6, STM32U535VCI6Q, STM32U535VCT6, STM32U535VCT6Q, STM32U535VEI6, STM32U535VEI6Q, STM32U535VET6, STM32U535VET6Q, STM32U545CET6, STM32U545CET6Q, STM32U545CEU6, STM32U545CEU6Q, STM32U545JEY6QTR, STM32U545NEY6QTR, STM32U545REI6, STM32U545REI6Q, STM32U545RET6, STM32U545RET6Q, STM32U545VEI6, STM32U545VEI6Q, STM32U545VET6, STM32U545VET6Q, STM32U595AIH6, STM32U595AIH6Q, STM32U595AJH6, STM32U595AJH6Q, STM32U595QII6, STM32U595QII6Q, STM32U595QJI6, STM32U595QJI6Q, STM32U595RIT6, STM32U595RIT6Q, STM32U595RJT6, STM32U595RJT6Q, STM32U595VIT6, STM32U595VIT6Q, STM32U595VJT6, STM32U595VJT6Q, STM32U595ZIT6, STM32U595ZIT6Q, STM32U595ZIY6QTR, STM32U595ZJT6, STM32U595ZJT6Q, STM32U595ZJY6QTR, STM32U599BJY6QTR, STM32U599NIH6Q, STM32U599NJH6Q, STM32U599VIT6Q, STM32U599VJT6, STM32U599VJT6Q, STM32U599ZIT6Q, STM32U599ZIY6QTR, STM32U599ZJT6Q, STM32U599ZJY6QTR, STM32U5A5AJH6, STM32U5A5AJH6Q, STM32U5A5QII3Q , STM32U5A5QJI6, STM32U5A5QJI6Q, STM32U5A5RJT6, STM32U5A5RJT6Q, STM32U5A5VJT6, STM32U5A5VJT6Q, STM32U5A5ZJT6, STM32U5A5ZJT6Q, STM32U5A5ZJY6QTR, STM32U5A9BJY6QTR, STM32U5A9J-DK, STM32U5A9NJH6Q, STM32U5A9VJT6Q, STM32U5A9ZJT6Q, STM32U5A9ZJY6QTR, STM32U5F7VIT6, STM32U5F7VIT6Q, STM32U5F7VJT6, STM32U5F7VJT6Q, STM32U5F9BJY6QTR, STM32U5F9NJH6Q, STM32U5F9VIT6Q, STM32U5F9VJT6Q, STM32U5F9ZIJ6QTR, STM32U5F9ZIT6Q, STM32U5F9ZJJ6QTR, STM32U5F9ZJT6Q, STM32U5G7VJT6, STM32U5G7VJT6Q, STM32U5G9BJY6QTR, STM32U5G9J-DK1, STM32U5G9J-DK2, STM32U5G9NJH6Q, STM32U5G9VJT6Q, STM32U5G9ZJJ6QTR, STM32U5G9ZJT6Q, STM32WB05KZV6TR, STM32WB05KZV7TR, STM32WB05TZF6TR, STM32WB05TZF7TR, STM32WB06CCF6TR, STM32WB06CCF7TR, STM32WB06CCV6TR, STM32WB06CCV7TR, STM32WB06KCV6TR, STM32WB06KCV7TR, STM32WB07CCF6TR, STM32WB07CCF7TR, STM32WB07CCV6TR, STM32WB07CCV7TR, STM32WB07KCV6TR, STM32WB07KCV7TR, STM32WB09KEV6TR, STM32WB09KEV7TR, STM32WB09TEF6TR, STM32WB09TEF7TR, STM32WB1MMCH6, STM32WBA50KGU6, STM32WBA50KGU6TR, STM32WBA52CEU6, STM32WBA52CEU6TR, STM32WBA52CEU7, STM32WBA52CEU7TR, STM32WBA52CGU6, STM32WBA52CGU6TR, STM32WBA52CGU6U, STM32WBA52CGU7, STM32WBA52CGU7TR, STM32WBA52KEU6, STM32WBA52KEU6TR, STM32WBA52KGU6, STM32WBA52KGU6TR, STM32WBA54CEU6, STM32WBA54CEU6TR, STM32WBA54CEU7, STM32WBA54CEU7TR, STM32WBA54CGU6, STM32WBA54CGU6TR, STM32WBA54CGU7, STM32WBA54CGU7TR, STM32WBA54KEU6, STM32WBA54KEU6TR, STM32WBA54KEU7, STM32WBA54KEU7TR, STM32WBA54KGU6, STM32WBA54KGU6TR, STM32WBA54KGU7, STM32WBA54KGU7TR, STM32WBA55CEU6, STM32WBA55CEU6TR, STM32WBA55CEU7, STM32WBA55CEU7TR, STM32WBA55CGU6, STM32WBA55CGU6TR, STM32WBA55CGU6U, STM32WBA55CGU7, STM32WBA55CGU7TR, STM32WBA55G-DK1, STM32WBA55HEF6, STM32WBA55HEF7, STM32WBA55HGF6, STM32WBA55HGF7, STM32WBA55UEI6, STM32WBA55UEI6TR, STM32WBA55UEI7, STM32WBA55UEI7TR, STM32WBA55UGI6, STM32WBA55UGI6TR, STM32WBA55UGI7, STM32WBA55UGI7TR, STM32WL5MOCH6, STM32WL5MOCH6TR]
2024-10-09 20:11:51,813 [INFO] DbMcus:218 - Found 4252 MCUs, 4252 are supported
2024-10-09 20:11:51,816 [INFO] ApiDb:423 - Load user favorites file C:\Users\tomig/.stm32cubeide/favorites.mcus.txt: 0 item(s)
2024-10-09 20:11:51,816 [INFO] ApiDb:427 - User favorites MCUs=[]
2024-10-09 20:11:51,816 [INFO] DbMcus:224 - Set 0 / 0 favorites MCUs
2024-10-09 20:11:52,327 [INFO] ApiDb:668 - CubeFinder database Data Model version=2.1
2024-10-09 20:11:52,327 [INFO] ApiDb:669 - CubeFinder database Configuration version=3.0.39
2024-10-09 20:11:52,327 [INFO] ApiDb:670 - CubeFinder database generation date=2024-09-16 (1726485674)
2024-10-09 20:11:52,327 [INFO] ApiDb:671 - CubeFinder database FW Pack versions=[FP-ATR-ASTRA1_V2.0.0, FP-SNS-FLIGHT1_V5.0.2, FP-SNS-MOTENV1_V5.0.0, FP-SNS-MOTENVWB1_V1.4.0, FP-SNS-SMARTAG2_V1.2.0, FP-SNS-STBOX1_V2.0.0, STM32Cube_FW_C0_V1.2.0, STM32Cube_FW_F4_V1.28.1, STM32Cube_FW_F7_V1.17.2, STM32Cube_FW_G0_V1.6.2, STM32Cube_FW_G4_V1.6.0, STM32Cube_FW_H5_V1.3.0, STM32Cube_FW_H7RS_V1.1.0, STM32Cube_FW_H7_V1.11.2, STM32Cube_FW_L0_V1.12.2, STM32Cube_FW_L5_V1.5.1, STM32Cube_FW_U0_V1.1.0, STM32Cube_FW_U5_V1.6.0, STM32Cube_FW_WB0_V1.0.0, STM32Cube_FW_WBA_V1.4.1, STM32Cube_FW_WB_V1.20.0, STM32Cube_FW_WL_V1.3.0, X-CUBE-ALGOBUILD_V1.4.0, X-CUBE-ALS_V1.0.2, X-CUBE-AZRTOS-F4_V1.1.0, X-CUBE-AZRTOS-F7_V1.1.0, X-CUBE-AZRTOS-G0_V1.1.0, X-CUBE-AZRTOS-G4_V2.0.0, X-CUBE-AZRTOS-H7RS_V1.0.0, X-CUBE-AZRTOS-H7_V3.2.0, X-CUBE-AZRTOS-L4_V2.0.0, X-CUBE-AZRTOS-L5_V2.0.0, X-CUBE-AZRTOS-WB_V2.0.0, X-CUBE-AZRTOS-WL_V2.0.0, X-CUBE-BLE1_V7.0.0, X-CUBE-BLE2_V3.3.0, X-CUBE-BLEMGR_V3.1.0, X-CUBE-EEPRMA1_V5.1.0, X-CUBE-FREERTOS_V1.2.0, X-CUBE-GNSS1_V6.0.0, X-CUBE-MEMS1_V11.0.0, X-CUBE-NFC4_V3.0.0, X-CUBE-NFC7_V1.0.1, X-CUBE-SFXS2LP1_V4.0.0, X-CUBE-SUBG2_V5.0.0, X-CUBE-TOF1_V3.4.2]
2024-10-09 20:11:52,426 [INFO] DbBoardsSqlite:226 - include board P-NUCLEO-WB55-NUCLEO as a kit item of type 'Nucleo-64'
2024-10-09 20:11:52,427 [INFO] DbBoardsSqlite:226 - include board P-NUCLEO-WB55-USBDONGLE as a kit item of type 'Nucleo USB Dongle'
2024-10-09 20:11:52,427 [INFO] DbBoardsSqlite:226 - include board STEVAL-IDP005V1 as a kit item of type 'Evaluation Board'
2024-10-09 20:11:52,428 [INFO] DbBoardsSqlite:226 - include board STEVAL-IDP005V2 as a kit item of type 'Evaluation Board'
2024-10-09 20:11:52,497 [INFO] ApiDb:240 - Found 646 in-development CPN: [B-G473E-ZEST1S, B-WB1M-WPAN1, B-WL5M-SUBG1, NUCLEO-C031C6, NUCLEO-C071RB, NUCLEO-H503RB, NUCLEO-H533RE, NUCLEO-H563ZI, NUCLEO-H7S3L8, NUCLEO-U031R8, NUCLEO-U083RC, NUCLEO-U545RE-Q, NUCLEO-U5A5ZJ-Q, NUCLEO-WB05KZ, NUCLEO-WB07CC, NUCLEO-WB09KE, NUCLEO-WBA52CG, NUCLEO-WBA55CG, STEVAL-PROTEUS1, STEVAL-SMARTAG2, STEVAL-STWINBX1, STM320518-EVAL, STM32C0116-DK, STM32C011D6Y3TR, STM32C011D6Y6TR, STM32C011F4P3, STM32C011F4P6, STM32C011F4U3, STM32C011F4U6TR, STM32C011F6P3, STM32C011F6P6, STM32C011F6U3, STM32C011F6U6TR, STM32C011J4M3, STM32C011J4M6, STM32C011J6M3, STM32C011J6M6, STM32C0316-DK, STM32C031C4T3, STM32C031C4T6, STM32C031C4U3, STM32C031C4U6, STM32C031C6T3, STM32C031C6T6, STM32C031C6U3, STM32C031C6U6, STM32C031F4P3, STM32C031F4P6, STM32C031F6P3, STM32C031F6P6, STM32C031G4U3, STM32C031G4U6, STM32C031G6U3, STM32C031G6U6, STM32C031K4T3, STM32C031K4T6, STM32C031K4U3, STM32C031K4U6, STM32C031K6T3, STM32C031K6T6, STM32C031K6U3, STM32C031K6U6, STM32C071C8T6, STM32C071C8T6N, STM32C071C8U6, STM32C071C8U6N, STM32C071CBT6, STM32C071CBT6N, STM32C071CBU6, STM32C071CBU6N, STM32C071F8P6, STM32C071F8P6N, STM32C071FBP6, STM32C071FBP6N, STM32C071FBY6TR, STM32C071G8U6, STM32C071G8U6N, STM32C071GBU6, STM32C071GBU6N, STM32C071K8T6, STM32C071K8T6N, STM32C071K8U6, STM32C071K8U6N, STM32C071KBT6, STM32C071KBT6N, STM32C071KBU6, STM32C071KBU6N, STM32C071R8T6, STM32C071R8T6N, STM32C071RBI6N, STM32C071RBT6, STM32C071RBT6N, STM32G071K8TXN, STM32G071K8UXN, STM32G081GBU6N, STM32G081KBT6N, STM32G081KBUXN, STM32G0B1CCT6N, STM32G0B1KCT6, STM32G0B1NEY6TR, STM32G0B1RCT6N, STM32G0C1CCT6, STM32G0C1CCT6N, STM32G0C1CCU6N, STM32G0C1CET6N, STM32G0C1CEU6N, STM32G0C1KCT6, STM32G0C1NEY6TR, STM32G0C1RCI6N, STM32G0C1RCT6N, STM32G0C1REI6N, STM32G0C1RET6N, STM32G0C1VCI6, STM32G0C1VEI6, STM32G411C6T3, STM32G411C6T6, STM32G411C6U3, STM32G411C6U6, STM32G411C8T3, STM32G411C8T6, STM32G411C8U3, STM32G411C8U6, STM32G411CBT3, STM32G411CBT6, STM32G411CBU3, STM32G411CBU6, STM32G411K6T3, STM32G411K6T6, STM32G411K6U3, STM32G411K6U6, STM32G411K8T3, STM32G411K8T6, STM32G411K8U3, STM32G411K8U6, STM32G411KBT3, STM32G411KBT6, STM32G411KBU3, STM32G411KBU6, STM32G411M6T3, STM32G411M6T6, STM32G411M8T3, STM32G411M8T6, STM32G411MBT3, STM32G411MBT6, STM32G411R6T3, STM32G411R6T6, STM32G411R8T3, STM32G411R8T6, STM32G411RBT3, STM32G411RBT6, STM32G414CBT3, STM32G414CBT6, STM32G414CBU3, STM32G414CBU6, STM32G414CCT3, STM32G414CCT6, STM32G414CCU3, STM32G414CCU6, STM32G414MBT3, STM32G414MBT6, STM32G414MCT3, STM32G414MCT6, STM32G414RBT3, STM32G414RBT6, STM32G414RCT3, STM32G414RCT6, STM32G414VBT3, STM32G414VBT6, STM32G414VCT3, STM32G414VCT6, STM32G431CBT3Z, STM32G431RBT3Z, STM32G471CCT6, STM32G471CCU6, STM32G471CET3, STM32G471CET6, STM32G471CEU3, STM32G471CEU6, STM32G471MCT6, STM32G471MET3, STM32G471MET6, STM32G471MEY6TR, STM32G471QCT6, STM32G471QET3, STM32G471RCT6, STM32G471RET3, STM32G471RET6, STM32G471VCH6, STM32G471VCI6, STM32G471VCT6, STM32G471VEH3, STM32G471VEH6, STM32G471VEI3, STM32G471VEI6, STM32G471VET3, STM32G471VET6, STM32G473QET3Z, STM32G473RET3Z, STM32G474CCT6, STM32G491RET3Z, STM32H503CBT6, STM32H503CBU6, STM32H503EBY6TR, STM32H503KBU6, STM32H503RBT6, STM32H523CCT6, STM32H523CCU6, STM32H523CET6, STM32H523CEU6, STM32H523HEY6TR, STM32H523RCT6, STM32H523RET6, STM32H523VCI6, STM32H523VCT6, STM32H523VEI6, STM32H523VET6, STM32H523ZCJ6, STM32H523ZCT6, STM32H523ZEJ6, STM32H523ZET6, STM32H533CET6, STM32H533CEU6, STM32H533HEY6TR, STM32H533RET6, STM32H533VEI6, STM32H533VET6, STM32H533ZEJ6, STM32H533ZET6, STM32H562AGI6, STM32H562AII6, STM32H562IGK6, STM32H562IGT6, STM32H562IIK6, STM32H562IIT6, STM32H562RGT6, STM32H562RGV6, STM32H562RIT6, STM32H562RIV6, STM32H562VGT6, STM32H562VIT6, STM32H562ZGT6, STM32H562ZIT6, STM32H563AGI6, STM32H563AII3Q, STM32H563AII6, STM32H563IGK6, STM32H563IGT6, STM32H563IIK3Q, STM32H563IIK6, STM32H563IIT3Q, STM32H563IIT6, STM32H563MIY3QTR, STM32H563RGT6, STM32H563RGV6, STM32H563RIT6, STM32H563RIV6, STM32H563VGT6, STM32H563VIT3Q, STM32H563VIT6, STM32H563ZGT6, STM32H563ZIT3Q, STM32H563ZIT6, STM32H573AII3Q, STM32H573AII6, STM32H573I-DK, STM32H573IIK3Q, STM32H573IIK6, STM32H573IIT3Q, STM32H573IIT6, STM32H573MIY3QTR, STM32H573RIT6, STM32H573RIV6, STM32H573VIT3Q, STM32H573VIT6, STM32H573ZIT3Q, STM32H573ZIT6, STM32H7R3A8I6, STM32H7R3I8K6, STM32H7R3I8T6, STM32H7R3L8H6, STM32H7R3L8H6H, STM32H7R3R8V6, STM32H7R3V8H6, STM32H7R3V8T6, STM32H7R3V8Y6TR, STM32H7R3Z8J6, STM32H7R3Z8T6, STM32H7R7A8I6, STM32H7R7I8K6, STM32H7R7I8T6, STM32H7R7L8H6, STM32H7R7L8H6H, STM32H7R7Z8J6, STM32H7S3A8I6, STM32H7S3I8K6, STM32H7S3I8T6, STM32H7S3L8H6, STM32H7S3L8H6H, STM32H7S3R8V6, STM32H7S3V8H6, STM32H7S3V8T6, STM32H7S3V8Y6TR, STM32H7S3Z8J6, STM32H7S3Z8T6, STM32H7S78-DK, STM32H7S7A8I6, STM32H7S7I8K6, STM32H7S7I8T6, STM32H7S7L8H6, STM32H7S7L8H6H, STM32H7S7Z8J6, STM32L4R5QGI6STR, STM32MP131AAE3, STM32MP131AAF3, STM32MP131AAG3, STM32MP131CAE3, STM32MP131CAF3, STM32MP131CAG3, STM32MP131DAE7, STM32MP131DAF7, STM32MP131DAG7, STM32MP131FAE7, STM32MP131FAF7, STM32MP131FAG7, STM32MP133AAE3, STM32MP133AAF3, STM32MP133AAG3, STM32MP133CAE3, STM32MP133CAF3, STM32MP133CAG3, STM32MP133DAE7, STM32MP133DAF7, STM32MP133DAG7, STM32MP133FAE7, STM32MP133FAF7, STM32MP133FAG7, STM32MP135AAE3, STM32MP135AAF3, STM32MP135AAG3, STM32MP135CAE3, STM32MP135CAF3, STM32MP135CAG3, STM32MP135DAE7, STM32MP135DAF7, STM32MP135DAG7, STM32MP135F-DK, STM32MP135FAE7, STM32MP135FAF7, STM32MP135FAF7T, STM32MP135FAF7U, STM32MP135FAG7, STM32MP251AAI3, STM32MP251AAK3, STM32MP251AAL3, STM32MP251CAI3, STM32MP251CAK3, STM32MP251CAL3, STM32MP251DAI3, STM32MP251DAK3, STM32MP251DAL3, STM32MP251FAI3, STM32MP251FAK3, STM32MP251FAL3, STM32MP253AAI3, STM32MP253AAK3, STM32MP253AAL3, STM32MP253CAI3, STM32MP253CAK3, STM32MP253CAL3, STM32MP253DAI3, STM32MP253DAK3, STM32MP253DAL3, STM32MP253FAI3, STM32MP253FAK3, STM32MP253FAL3, STM32MP255AAI3, STM32MP255AAK3, STM32MP255AAL3, STM32MP255CAI3, STM32MP255CAK3, STM32MP255CAL3, STM32MP255DAI3, STM32MP255DAK3, STM32MP255DAL3, STM32MP255FAI3, STM32MP255FAK3, STM32MP255FAL3, STM32MP257AAI3, STM32MP257AAK3, STM32MP257AAL3, STM32MP257CAI3, STM32MP257CAK3, STM32MP257CAL3, STM32MP257DAI3, STM32MP257DAK3, STM32MP257DAL3, STM32MP257F-DK, STM32MP257F-EV1, STM32MP257FAI3, STM32MP257FAK3, STM32MP257FAL3, STM32U031C6T6, STM32U031C6U6, STM32U031C8T6, STM32U031C8U6, STM32U031F4P6, STM32U031F6P6, STM32U031F8P6, STM32U031G6Y6TR, STM32U031G8Y6TR, STM32U031K4U6, STM32U031K6U6, STM32U031K8U6, STM32U031R6I6, STM32U031R6T6, STM32U031R8I6, STM32U031R8T6, STM32U073C8T6, STM32U073C8U6, STM32U073CBT6, STM32U073CBU6, STM32U073CCT6, STM32U073CCU6, STM32U073H8Y6TR, STM32U073HBY6TR, STM32U073HCY6TR, STM32U073K8U6, STM32U073KBU6, STM32U073KCU6, STM32U073M8I6, STM32U073M8T6, STM32U073MBI6, STM32U073MBT6, STM32U073MCI6, STM32U073MCT6, STM32U073R8I6, STM32U073R8T6, STM32U073RBI6, STM32U073RBT6, STM32U073RCI6, STM32U073RCT6, STM32U083C-DK, STM32U083CCT6, STM32U083CCU6, STM32U083HCY6TR, STM32U083KCU6, STM32U083MCI6, STM32U083MCT6, STM32U083RCI6, STM32U083RCT6, STM32U535CBT6, STM32U535CBT6Q, STM32U535CBU6, STM32U535CBU6Q, STM32U535CCT6, STM32U535CCT6Q, STM32U535CCU6, STM32U535CCU6Q, STM32U535CET6, STM32U535CET6Q, STM32U535CEU6, STM32U535CEU6Q, STM32U535JEY6QTR, STM32U535NCY6QTR, STM32U535NEY6QTR, STM32U535RBI6, STM32U535RBI6Q, STM32U535RBT6, STM32U535RBT6Q, STM32U535RCI6, STM32U535RCI6Q, STM32U535RCT6, STM32U535RCT6Q, STM32U535REI6, STM32U535REI6Q, STM32U535RET6, STM32U535RET6Q, STM32U535VCI6, STM32U535VCI6Q, STM32U535VCT6, STM32U535VCT6Q, STM32U535VEI6, STM32U535VEI6Q, STM32U535VET6, STM32U535VET6Q, STM32U545CET6, STM32U545CET6Q, STM32U545CEU6, STM32U545CEU6Q, STM32U545JEY6QTR, STM32U545NEY6QTR, STM32U545REI6, STM32U545REI6Q, STM32U545RET6, STM32U545RET6Q, STM32U545VEI6, STM32U545VEI6Q, STM32U545VET6, STM32U545VET6Q, STM32U595AIH6, STM32U595AIH6Q, STM32U595AJH6, STM32U595AJH6Q, STM32U595QII6, STM32U595QII6Q, STM32U595QJI6, STM32U595QJI6Q, STM32U595RIT6, STM32U595RIT6Q, STM32U595RJT6, STM32U595RJT6Q, STM32U595VIT6, STM32U595VIT6Q, STM32U595VJT6, STM32U595VJT6Q, STM32U595ZIT6, STM32U595ZIT6Q, STM32U595ZIY6QTR, STM32U595ZJT6, STM32U595ZJT6Q, STM32U595ZJY6QTR, STM32U599BJY6QTR, STM32U599NIH6Q, STM32U599NJH6Q, STM32U599VIT6Q, STM32U599VJT6, STM32U599VJT6Q, STM32U599ZIT6Q, STM32U599ZIY6QTR, STM32U599ZJT6Q, STM32U599ZJY6QTR, STM32U5A5AJH6, STM32U5A5AJH6Q, STM32U5A5QII3Q , STM32U5A5QJI6, STM32U5A5QJI6Q, STM32U5A5RJT6, STM32U5A5RJT6Q, STM32U5A5VJT6, STM32U5A5VJT6Q, STM32U5A5ZJT6, STM32U5A5ZJT6Q, STM32U5A5ZJY6QTR, STM32U5A9BJY6QTR, STM32U5A9J-DK, STM32U5A9NJH6Q, STM32U5A9VJT6Q, STM32U5A9ZJT6Q, STM32U5A9ZJY6QTR, STM32U5F7VIT6, STM32U5F7VIT6Q, STM32U5F7VJT6, STM32U5F7VJT6Q, STM32U5F9BJY6QTR, STM32U5F9NJH6Q, STM32U5F9VIT6Q, STM32U5F9VJT6Q, STM32U5F9ZIJ6QTR, STM32U5F9ZIT6Q, STM32U5F9ZJJ6QTR, STM32U5F9ZJT6Q, STM32U5G7VJT6, STM32U5G7VJT6Q, STM32U5G9BJY6QTR, STM32U5G9J-DK1, STM32U5G9J-DK2, STM32U5G9NJH6Q, STM32U5G9VJT6Q, STM32U5G9ZJJ6QTR, STM32U5G9ZJT6Q, STM32WB05KZV6TR, STM32WB05KZV7TR, STM32WB05TZF6TR, STM32WB05TZF7TR, STM32WB06CCF6TR, STM32WB06CCF7TR, STM32WB06CCV6TR, STM32WB06CCV7TR, STM32WB06KCV6TR, STM32WB06KCV7TR, STM32WB07CCF6TR, STM32WB07CCF7TR, STM32WB07CCV6TR, STM32WB07CCV7TR, STM32WB07KCV6TR, STM32WB07KCV7TR, STM32WB09KEV6TR, STM32WB09KEV7TR, STM32WB09TEF6TR, STM32WB09TEF7TR, STM32WB1MMCH6, STM32WBA50KGU6, STM32WBA50KGU6TR, STM32WBA52CEU6, STM32WBA52CEU6TR, STM32WBA52CEU7, STM32WBA52CEU7TR, STM32WBA52CGU6, STM32WBA52CGU6TR, STM32WBA52CGU6U, STM32WBA52CGU7, STM32WBA52CGU7TR, STM32WBA52KEU6, STM32WBA52KEU6TR, STM32WBA52KGU6, STM32WBA52KGU6TR, STM32WBA54CEU6, STM32WBA54CEU6TR, STM32WBA54CEU7, STM32WBA54CEU7TR, STM32WBA54CGU6, STM32WBA54CGU6TR, STM32WBA54CGU7, STM32WBA54CGU7TR, STM32WBA54KEU6, STM32WBA54KEU6TR, STM32WBA54KEU7, STM32WBA54KEU7TR, STM32WBA54KGU6, STM32WBA54KGU6TR, STM32WBA54KGU7, STM32WBA54KGU7TR, STM32WBA55CEU6, STM32WBA55CEU6TR, STM32WBA55CEU7, STM32WBA55CEU7TR, STM32WBA55CGU6, STM32WBA55CGU6TR, STM32WBA55CGU6U, STM32WBA55CGU7, STM32WBA55CGU7TR, STM32WBA55G-DK1, STM32WBA55HEF6, STM32WBA55HEF7, STM32WBA55HGF6, STM32WBA55HGF7, STM32WBA55UEI6, STM32WBA55UEI6TR, STM32WBA55UEI7, STM32WBA55UEI7TR, STM32WBA55UGI6, STM32WBA55UGI6TR, STM32WBA55UGI7, STM32WBA55UGI7TR, STM32WL5MOCH6, STM32WL5MOCH6TR]
2024-10-09 20:11:52,803 [INFO] BoardInfo:889 - No configuration file found for board P-NUCLEO-WB55
2024-10-09 20:11:52,804 [INFO] DbBoards:161 - Kit is not supported: P-NUCLEO-WB55
2024-10-09 20:11:52,812 [INFO] BoardInfo:889 - No configuration file found for board STEVAL-BFA001V1B
2024-10-09 20:11:52,812 [INFO] DbBoards:161 - Kit is not supported: STEVAL-BFA001V1B
2024-10-09 20:11:52,814 [INFO] BoardInfo:889 - No configuration file found for board STEVAL-BFA001V2B
2024-10-09 20:11:52,815 [INFO] DbBoards:161 - Kit is not supported: STEVAL-BFA001V2B
2024-10-09 20:11:53,108 [INFO] DbBoards:168 - Found 201 boards, 198 are supported
2024-10-09 20:11:53,108 [INFO] DbBoards:169 - Found 201 boards, 25 of them is supported for  Bsp
2024-10-09 20:11:53,115 [INFO] ApiDb:423 - Load user favorites file C:\Users\tomig/.stm32cubeide/favorites.boards.txt: 1 item(s)
2024-10-09 20:11:53,115 [INFO] ApiDb:427 - User favorites Boards=[NUCLEO-F103RB]
2024-10-09 20:11:53,115 [INFO] DbBoards:198 - Set 1 / 1 favorites Boards
2024-10-09 20:11:53,119 [INFO] ApiDb:668 - CubeFinder database Data Model version=2.1
2024-10-09 20:11:53,119 [INFO] ApiDb:669 - CubeFinder database Configuration version=3.0.39
2024-10-09 20:11:53,119 [INFO] ApiDb:670 - CubeFinder database generation date=2024-09-16 (1726485674)
2024-10-09 20:11:53,119 [INFO] ApiDb:671 - CubeFinder database FW Pack versions=[FP-ATR-ASTRA1_V2.0.0, FP-SNS-FLIGHT1_V5.0.2, FP-SNS-MOTENV1_V5.0.0, FP-SNS-MOTENVWB1_V1.4.0, FP-SNS-SMARTAG2_V1.2.0, FP-SNS-STBOX1_V2.0.0, STM32Cube_FW_C0_V1.2.0, STM32Cube_FW_F4_V1.28.1, STM32Cube_FW_F7_V1.17.2, STM32Cube_FW_G0_V1.6.2, STM32Cube_FW_G4_V1.6.0, STM32Cube_FW_H5_V1.3.0, STM32Cube_FW_H7RS_V1.1.0, STM32Cube_FW_H7_V1.11.2, STM32Cube_FW_L0_V1.12.2, STM32Cube_FW_L5_V1.5.1, STM32Cube_FW_U0_V1.1.0, STM32Cube_FW_U5_V1.6.0, STM32Cube_FW_WB0_V1.0.0, STM32Cube_FW_WBA_V1.4.1, STM32Cube_FW_WB_V1.20.0, STM32Cube_FW_WL_V1.3.0, X-CUBE-ALGOBUILD_V1.4.0, X-CUBE-ALS_V1.0.2, X-CUBE-AZRTOS-F4_V1.1.0, X-CUBE-AZRTOS-F7_V1.1.0, X-CUBE-AZRTOS-G0_V1.1.0, X-CUBE-AZRTOS-G4_V2.0.0, X-CUBE-AZRTOS-H7RS_V1.0.0, X-CUBE-AZRTOS-H7_V3.2.0, X-CUBE-AZRTOS-L4_V2.0.0, X-CUBE-AZRTOS-L5_V2.0.0, X-CUBE-AZRTOS-WB_V2.0.0, X-CUBE-AZRTOS-WL_V2.0.0, X-CUBE-BLE1_V7.0.0, X-CUBE-BLE2_V3.3.0, X-CUBE-BLEMGR_V3.1.0, X-CUBE-EEPRMA1_V5.1.0, X-CUBE-FREERTOS_V1.2.0, X-CUBE-GNSS1_V6.0.0, X-CUBE-MEMS1_V11.0.0, X-CUBE-NFC4_V3.0.0, X-CUBE-NFC7_V1.0.1, X-CUBE-SFXS2LP1_V4.0.0, X-CUBE-SUBG2_V5.0.0, X-CUBE-TOF1_V3.4.2]
2024-10-09 20:11:53,965 [ERROR] DbExamplesSqlite:437 - Missing JSON key: board_cpn
2024-10-09 20:11:53,966 [ERROR] DbExamplesSqlite:437 - Missing JSON key: board_cpn
2024-10-09 20:11:53,967 [ERROR] DbExamplesSqlite:437 - Missing JSON key: board_cpn
2024-10-09 20:11:53,968 [ERROR] DbExamplesSqlite:437 - Missing JSON key: board_cpn
2024-10-09 20:11:54,130 [ERROR] DbExamplesSqlite:437 - Missing JSON key: board_cpn
2024-10-09 20:11:54,130 [ERROR] DbExamplesSqlite:437 - Missing JSON key: board_cpn
2024-10-09 20:11:54,131 [ERROR] DbExamplesSqlite:437 - Missing JSON key: board_cpn
2024-10-09 20:11:54,131 [ERROR] DbExamplesSqlite:437 - Missing JSON key: board_cpn
2024-10-09 20:11:54,131 [ERROR] DbExamplesSqlite:437 - Missing JSON key: board_cpn
2024-10-09 20:11:54,131 [ERROR] DbExamplesSqlite:437 - Missing JSON key: board_cpn
2024-10-09 20:11:54,131 [ERROR] DbExamplesSqlite:437 - Missing JSON key: board_cpn
2024-10-09 20:11:54,132 [ERROR] DbExamplesSqlite:437 - Missing JSON key: board_cpn
2024-10-09 20:11:54,132 [ERROR] DbExamplesSqlite:437 - Missing JSON key: board_cpn
2024-10-09 20:11:54,134 [INFO] DbExamplesSqlite:395 - Ignored 28 examples not supported by CubeIDE
2024-10-09 20:11:54,135 [INFO] DbExamplesSqlite:396 - Found 8614 examples active
2024-10-09 20:11:54,135 [INFO] DbExamplesSqlite:397 - Found 0 examples obsolete
2024-10-09 20:11:54,135 [INFO] DbExamplesSqlite:398 - Found 0 examples under development
2024-10-09 20:11:54,135 [INFO] DbExamplesSqlite:399 - Found 10 examples not building
2024-10-09 20:11:54,137 [INFO] DbExamples:125 - Found 8596 examples
2024-10-09 20:11:54,160 [INFO] DbExamples:222 - Found 108 boards with related examples
2024-10-09 20:11:54,161 [INFO] DbExamples:235 - Found 90 MCUs with related examples
2024-10-09 20:11:54,190 [INFO] ApiDb:414 - User favorites file not found: C:\Users\tomig/.stm32cubeide/favorites.examples.txt
2024-10-09 20:11:54,190 [INFO] DbExamples:250 - Set 0 / 0 favorites Examples
2024-10-09 20:11:54,615 [INFO] McuFinderGlobals:76 - Set McuFinderConnectedMode to true
2024-10-09 20:11:54,627 [INFO] MultiScanPanel:200 - Auto-refresh data requested => check proxy status ongoing
2024-10-09 20:11:54,631 [INFO] FinderPluginLoader:95 - Searching for filters in installed packs
2024-10-09 20:11:56,796 [INFO] LoadUrlFilesThread:185 - End of LoadServerUrlFiles without Thread
2024-10-09 20:11:56,905 [INFO] DetailPanel:341 - Set advertising image to C:/Users/tomig/STM32Cube/Repository/\en.prom-stm32c071-usb-memories-mcu-finder.png
2024-10-09 20:14:15,836 [INFO] McuFinderGlobals:76 - Set McuFinderConnectedMode to true
2024-10-09 20:14:16,746 [INFO] ApiDb:448 - Save user favorites file C:\Users\tomig/.stm32cubeide/favorites.mcus.txt: 0 item(s)
2024-10-09 20:14:16,746 [INFO] ApiDb:452 - User favorites MCUs=[]
