2024-08-21 21:40:06,539 [INFO] Activator:176 - 


2024-08-21 21:40:06,542 [INFO] Activator:177 - !SESSION log4j initialized
2024-08-21 21:40:10,786 [INFO] LogOutputStream:77 - [STDOUT_REDIRECT] 
2024-08-21 21:40:15,447 [INFO] ApplicationProperties:184 - Using Application install path: C:\ST\STM32CubeIDE_1.16.0\STM32CubeIDE\plugins\com.st.stm32cube.common.mx_6.12.0.202406281431
2024-08-21 21:40:15,474 [INFO] DbMcusXml:78 - Set database path to: C:\ST\STM32CubeIDE_1.16.0\STM32CubeIDE\plugins\com.st.stm32cube.common.mx_6.12.0.202406281431\\db\/mcu/
2024-08-21 21:40:15,475 [INFO] ApiDb:274 - Set plugin database path to: C:\ST\STM32CubeIDE_1.16.0\STM32CubeIDE\plugins\com.st.stm32cube.common.mx_6.12.0.202406281431\\db\/plugins/boardmanager/
2024-08-21 21:40:15,475 [WARN] ApiDb:259 - Overriding images path with different value:  => C:\ST\STM32CubeIDE_1.16.0\STM32CubeIDE\plugins\com.st.stm32cube.common.mx_6.12.0.202406281431\\db\/plugins/mcufinder/images/
2024-08-21 21:40:15,485 [INFO] ApiDb:250 - Set database path to: C:\Users\tomig\.stmcufinder\plugins\mcufinder//mcu/
2024-08-21 21:40:15,486 [INFO] DbMcusAds:125 - Set database path to: C:\Users\tomig\.stmcufinder\plugins\mcufinder//mcu/
2024-08-21 21:40:15,489 [INFO] CrossReferenceDbSqlite:203 - Set database path to: C:\Users\tomig\.stmcufinder\plugins\mcufinder//mcu/cs/
2024-08-21 21:40:15,638 [INFO] RulesReader:64 - Compatibility file has been processed (297 Rules)
2024-08-21 21:40:15,758 [INFO] DbMcusXml:78 - Set database path to: C:\ST\STM32CubeIDE_1.16.0\STM32CubeIDE\plugins\com.st.stm32cube.common.mx_6.12.0.202406281431\\db\/mcu/
2024-08-21 21:40:15,758 [INFO] ApiDb:274 - Set plugin database path to: C:\ST\STM32CubeIDE_1.16.0\STM32CubeIDE\plugins\com.st.stm32cube.common.mx_6.12.0.202406281431\\db\/plugins/boardmanager/
2024-08-21 21:40:15,759 [INFO] ApiDb:261 - Set plugin images path to: C:\ST\STM32CubeIDE_1.16.0\STM32CubeIDE\plugins\com.st.stm32cube.common.mx_6.12.0.202406281431\\db\/plugins/mcufinder/images/
2024-08-21 21:40:15,760 [WARN] DbFile:41 - Overriding database path with different value: C:\Users\tomig\.stmcufinder\plugins\mcufinder/ => C:\Users\tomig\.stmcufinder\plugins\mcufinder
2024-08-21 21:40:15,760 [INFO] ApiDb:250 - Set database path to: C:\Users\tomig\.stmcufinder\plugins\mcufinder//mcu/
2024-08-21 21:40:15,761 [WARN] DbFile:41 - Overriding database path with different value: C:\Users\tomig\.stmcufinder\plugins\mcufinder/ => C:\Users\tomig\.stmcufinder\plugins\mcufinder
2024-08-21 21:40:15,761 [INFO] DbMcusAds:125 - Set database path to: C:\Users\tomig\.stmcufinder\plugins\mcufinder//mcu/
2024-08-21 21:40:15,761 [WARN] DbFile:41 - Overriding database path with different value: C:\Users\tomig\.stmcufinder\plugins\mcufinder/ => C:\Users\tomig\.stmcufinder\plugins\mcufinder
2024-08-21 21:40:15,761 [WARN] DbFile:41 - Overriding database path with different value: C:\Users\tomig\.stmcufinder\plugins\mcufinder/ => C:\Users\tomig\.stmcufinder\plugins\mcufinder
2024-08-21 21:40:15,761 [INFO] CrossReferenceDbSqlite:203 - Set database path to: C:\Users\tomig\.stmcufinder\plugins\mcufinder//mcu/cs/
2024-08-21 21:40:15,884 [INFO] MainPanel:268 - HeapMemory: 268435456
2024-08-21 21:40:16,054 [INFO] DbMcusXml:78 - Set database path to: C:\ST\STM32CubeIDE_1.16.0\STM32CubeIDE\plugins\com.st.stm32cube.common.mx_6.12.0.202406281431\\db\/mcu/
2024-08-21 21:40:16,054 [INFO] ApiDb:274 - Set plugin database path to: C:\ST\STM32CubeIDE_1.16.0\STM32CubeIDE\plugins\com.st.stm32cube.common.mx_6.12.0.202406281431\\db\/plugins/boardmanager/
2024-08-21 21:40:16,054 [INFO] ApiDb:261 - Set plugin images path to: C:\ST\STM32CubeIDE_1.16.0\STM32CubeIDE\plugins\com.st.stm32cube.common.mx_6.12.0.202406281431\\db\/plugins/mcufinder/images/
2024-08-21 21:40:16,054 [WARN] DbFile:41 - Overriding database path with different value: C:\Users\tomig\.stmcufinder\plugins\mcufinder/ => C:\Users\tomig\.stmcufinder\plugins\mcufinder
2024-08-21 21:40:16,054 [INFO] ApiDb:250 - Set database path to: C:\Users\tomig\.stmcufinder\plugins\mcufinder//mcu/
2024-08-21 21:40:16,054 [WARN] DbFile:41 - Overriding database path with different value: C:\Users\tomig\.stmcufinder\plugins\mcufinder/ => C:\Users\tomig\.stmcufinder\plugins\mcufinder
2024-08-21 21:40:16,055 [INFO] DbMcusAds:125 - Set database path to: C:\Users\tomig\.stmcufinder\plugins\mcufinder//mcu/
2024-08-21 21:40:16,055 [WARN] DbFile:41 - Overriding database path with different value: C:\Users\tomig\.stmcufinder\plugins\mcufinder/ => C:\Users\tomig\.stmcufinder\plugins\mcufinder
2024-08-21 21:40:16,055 [WARN] DbFile:41 - Overriding database path with different value: C:\Users\tomig\.stmcufinder\plugins\mcufinder/ => C:\Users\tomig\.stmcufinder\plugins\mcufinder
2024-08-21 21:40:16,055 [INFO] CrossReferenceDbSqlite:203 - Set database path to: C:\Users\tomig\.stmcufinder\plugins\mcufinder//mcu/cs/
2024-08-21 21:40:16,079 [INFO] ApplicationProperties:184 - Using Application install path: C:\ST\STM32CubeIDE_1.16.0\STM32CubeIDE\plugins\com.st.stm32cube.common.mx_6.12.0.202406281431
2024-08-21 21:40:16,081 [INFO] PluginManage:196 - Search for loadable plugins [exclusion list=, ]
2024-08-21 21:40:16,082 [INFO] PluginManage:310 - Check plugin analytics
2024-08-21 21:40:16,368 [INFO] AnalyticsPlugin:253 - Accepted Software Licenses: 
2024-08-21 21:40:16,369 [INFO] AnalyticsPlugin:255 - Accepted CMSIS Pack Licenses: 
2024-08-21 21:40:16,369 [INFO] AnalyticsPlugin:257 - Accepted Firmware Licenses: 
2024-08-21 21:40:16,375 [INFO] PluginManage:359 - Loaded plugin analytics (category:tool,tabindex:-1)
2024-08-21 21:40:16,376 [INFO] PluginManage:310 - Check plugin cadmodel
2024-08-21 21:40:16,387 [INFO] CADModel:105 - Init CAD model plugin
2024-08-21 21:40:16,387 [INFO] PluginManage:359 - Loaded plugin cadmodel (category:power,tabindex:5)
2024-08-21 21:40:16,387 [INFO] PluginManage:310 - Check plugin clock
2024-08-21 21:40:16,400 [INFO] PluginManage:359 - Loaded plugin clock (category:base,tabindex:2)
2024-08-21 21:40:16,401 [INFO] PluginManage:310 - Check plugin ddr
2024-08-21 21:40:16,404 [INFO] PluginManage:359 - Loaded plugin ddr (category:tool,tabindex:6)
2024-08-21 21:40:16,405 [INFO] PluginManage:310 - Check plugin filemanager
2024-08-21 21:40:16,612 [INFO] PluginManage:359 - Loaded plugin filemanager (category:base,tabindex:10)
2024-08-21 21:40:16,612 [INFO] PluginManage:310 - Check plugin ipmanager
2024-08-21 21:40:16,624 [INFO] PluginManage:359 - Loaded plugin ipmanager (category:base,tabindex:5)
2024-08-21 21:40:16,624 [INFO] PluginManage:310 - Check plugin lpbam
2024-08-21 21:40:16,642 [INFO] PluginManage:359 - Loaded plugin lpbam (category:base,tabindex:0)
2024-08-21 21:40:16,642 [INFO] PluginManage:310 - Check plugin memorymap
2024-08-21 21:40:16,664 [INFO] PluginManage:359 - Loaded plugin memorymap (category:base,tabindex:4)
2024-08-21 21:40:16,664 [INFO] PluginManage:310 - Check plugin pinoutandconfiguration
2024-08-21 21:40:16,676 [INFO] PluginManage:359 - Loaded plugin pinoutandconfiguration (category:base,tabindex:1)
2024-08-21 21:40:16,676 [INFO] PluginManage:310 - Check plugin pinoutconfig
2024-08-21 21:40:16,803 [WARN] SupportedApi:132 - Cannot load RTOS API schema: s4s-elt-must-match.1: The content of 'definitions' must match (annotation?, (simpleType | complexType)?, (unique | key | keyref)*)). A problem was found starting at: attribute.
2024-08-21 21:40:17,009 [INFO] PluginManage:359 - Loaded plugin pinoutconfig (category:base,tabindex:0)
2024-08-21 21:40:17,009 [INFO] PluginManage:310 - Check plugin power
2024-08-21 21:40:17,035 [INFO] PluginManage:359 - Loaded plugin power (category:power,tabindex:4)
2024-08-21 21:40:17,035 [INFO] PluginManage:310 - Check plugin projectmanager
2024-08-21 21:40:17,085 [INFO] PluginManage:359 - Loaded plugin projectmanager (category:projectmanager,tabindex:4)
2024-08-21 21:40:17,086 [INFO] PluginManage:310 - Check plugin rif
2024-08-21 21:40:17,108 [INFO] PluginManage:359 - Loaded plugin rif (category:base,tabindex:3)
2024-08-21 21:40:17,108 [INFO] PluginManage:310 - Check plugin thirdparty
2024-08-21 21:40:17,446 [INFO] PluginManage:359 - Loaded plugin thirdparty (category:base,tabindex:-1)
2024-08-21 21:40:17,447 [INFO] PluginManage:310 - Check plugin tools
2024-08-21 21:40:17,446 [WARN] IntegrityCheckThread:84 - waiting for thirdparty lock release [integrity check]
2024-08-21 21:40:17,447 [INFO] IntegrityCheckThread:86 - entering critical section [integrity check]
2024-08-21 21:40:17,448 [INFO] ThirdPartyUpdaterWithRetryManager:70 - Updater plugin not ready yet. [1/15]
2024-08-21 21:40:17,451 [INFO] PluginManage:359 - Loaded plugin tools (category:base,tabindex:7)
2024-08-21 21:40:17,451 [INFO] PluginManage:310 - Check plugin tutovideos
2024-08-21 21:40:17,709 [INFO] PluginManage:359 - Loaded plugin tutovideos (category:base,tabindex:-1)
2024-08-21 21:40:17,709 [INFO] PluginManage:310 - Check plugin updater
2024-08-21 21:40:17,729 [INFO] PluginManage:359 - Loaded plugin updater (category:base,tabindex:12)
2024-08-21 21:40:17,729 [INFO] PluginManage:310 - Check plugin userauth
2024-08-21 21:40:17,735 [INFO] UserAuth:113 - Init User Auth plugin
2024-08-21 21:40:17,735 [INFO] PluginManage:359 - Loaded plugin userauth (category:base,tabindex:14)
2024-08-21 21:40:17,737 [INFO] PluginManage:283 - PluginManage : Loaded plugins [18]
2024-08-21 21:40:18,028 [INFO] PinOutPanel:1561 - setPackage(No Configuration,No Configuration)
2024-08-21 21:40:18,156 [INFO] CADModel:165 - CPN selected for project level
2024-08-21 21:40:18,156 [INFO] CADModel:114 - Register for checkConnection events
2024-08-21 21:40:18,172 [INFO] IPUIPlugin:80 - create IPUIPlugin
2024-08-21 21:40:18,173 [INFO] PluginManager:220 - loadIPPluginJar : add adc
2024-08-21 21:40:18,176 [INFO] IPUIPlugin:80 - create IPUIPlugin
2024-08-21 21:40:18,176 [INFO] PluginManager:220 - loadIPPluginJar : add aes
2024-08-21 21:40:18,179 [INFO] IPUIPlugin:80 - create IPUIPlugin
2024-08-21 21:40:18,179 [INFO] PluginManager:220 - loadIPPluginJar : add can
2024-08-21 21:40:18,180 [INFO] IPUIPlugin:80 - create IPUIPlugin
2024-08-21 21:40:18,180 [INFO] PluginManager:220 - loadIPPluginJar : add comp
2024-08-21 21:40:18,184 [INFO] IPUIPlugin:80 - create IPUIPlugin
2024-08-21 21:40:18,184 [INFO] PluginManager:220 - loadIPPluginJar : add cryp
2024-08-21 21:40:18,197 [INFO] IPUIPlugin:80 - create IPUIPlugin
2024-08-21 21:40:18,197 [INFO] PluginManager:220 - loadIPPluginJar : add ddr_ctrl_phy
2024-08-21 21:40:18,199 [INFO] IPUIPlugin:80 - create IPUIPlugin
2024-08-21 21:40:18,199 [INFO] PluginManager:220 - loadIPPluginJar : add dfsdm
2024-08-21 21:40:18,206 [INFO] IPUIPlugin:80 - create IPUIPlugin
2024-08-21 21:40:18,206 [INFO] PluginManager:220 - loadIPPluginJar : add dma
2024-08-21 21:40:18,209 [INFO] IPUIPlugin:80 - create IPUIPlugin
2024-08-21 21:40:18,209 [INFO] PluginManager:220 - loadIPPluginJar : add dma3
2024-08-21 21:40:18,212 [INFO] IPUIPlugin:80 - create IPUIPlugin
2024-08-21 21:40:18,213 [INFO] PluginManager:220 - loadIPPluginJar : add extmemmanager
2024-08-21 21:40:18,214 [INFO] IPUIPlugin:80 - create IPUIPlugin
2024-08-21 21:40:18,214 [INFO] PluginManager:220 - loadIPPluginJar : add fatfs
2024-08-21 21:40:18,220 [INFO] IPUIPlugin:80 - create IPUIPlugin
2024-08-21 21:40:18,220 [INFO] PluginManager:220 - loadIPPluginJar : add fmc
2024-08-21 21:40:18,227 [INFO] IPUIPlugin:80 - create IPUIPlugin
2024-08-21 21:40:18,228 [INFO] PluginManager:220 - loadIPPluginJar : add freertos
2024-08-21 21:40:18,229 [INFO] IPUIPlugin:80 - create IPUIPlugin
2024-08-21 21:40:18,230 [INFO] PluginManager:220 - loadIPPluginJar : add genericplugin
2024-08-21 21:40:18,232 [INFO] IPUIPlugin:80 - create IPUIPlugin
2024-08-21 21:40:18,232 [INFO] PluginManager:220 - loadIPPluginJar : add gfxmmu
2024-08-21 21:40:18,238 [INFO] IPUIPlugin:80 - create IPUIPlugin
2024-08-21 21:40:18,238 [INFO] PluginManager:220 - loadIPPluginJar : add gic
2024-08-21 21:40:18,242 [INFO] IPUIPlugin:80 - create IPUIPlugin
2024-08-21 21:40:18,242 [INFO] PluginManager:220 - loadIPPluginJar : add gpio
2024-08-21 21:40:18,245 [INFO] IPUIPlugin:80 - create IPUIPlugin
2024-08-21 21:40:18,245 [INFO] PluginManager:220 - loadIPPluginJar : add gtzc
2024-08-21 21:40:18,248 [INFO] IPUIPlugin:80 - create IPUIPlugin
2024-08-21 21:40:18,248 [INFO] PluginManager:220 - loadIPPluginJar : add hash
2024-08-21 21:40:18,250 [INFO] IPUIPlugin:80 - create IPUIPlugin
2024-08-21 21:40:18,250 [INFO] PluginManager:220 - loadIPPluginJar : add i2c
2024-08-21 21:40:18,253 [INFO] IPUIPlugin:80 - create IPUIPlugin
2024-08-21 21:40:18,254 [INFO] PluginManager:220 - loadIPPluginJar : add i2s
2024-08-21 21:40:18,261 [INFO] IPUIPlugin:80 - create IPUIPlugin
2024-08-21 21:40:18,261 [INFO] PluginManager:220 - loadIPPluginJar : add i3c
2024-08-21 21:40:18,400 [INFO] IPUIPlugin:80 - create IPUIPlugin
2024-08-21 21:40:18,400 [INFO] PluginManager:220 - loadIPPluginJar : add ipddr
2024-08-21 21:40:18,457 [INFO] IPUIPlugin:80 - create IPUIPlugin
2024-08-21 21:40:18,458 [INFO] PluginManager:220 - loadIPPluginJar : add linkedlist
2024-08-21 21:40:18,463 [INFO] IPUIPlugin:80 - create IPUIPlugin
2024-08-21 21:40:18,464 [INFO] PluginManager:220 - loadIPPluginJar : add lorawan
2024-08-21 21:40:18,467 [INFO] IPUIPlugin:80 - create IPUIPlugin
2024-08-21 21:40:18,467 [INFO] PluginManager:220 - loadIPPluginJar : add ltdc
2024-08-21 21:40:18,480 [INFO] IPUIPlugin:80 - create IPUIPlugin
2024-08-21 21:40:18,481 [INFO] PluginManager:220 - loadIPPluginJar : add mdma
2024-08-21 21:40:18,490 [INFO] IPUIPlugin:80 - create IPUIPlugin
2024-08-21 21:40:18,492 [INFO] PluginManager:220 - loadIPPluginJar : add nvic
2024-08-21 21:40:18,497 [INFO] IPUIPlugin:80 - create IPUIPlugin
2024-08-21 21:40:18,497 [INFO] PluginManager:220 - loadIPPluginJar : add opamp
2024-08-21 21:40:18,508 [INFO] IPUIPlugin:80 - create IPUIPlugin
2024-08-21 21:40:18,508 [INFO] PluginManager:220 - loadIPPluginJar : add openamp
2024-08-21 21:40:18,516 [INFO] IPUIPlugin:80 - create IPUIPlugin
2024-08-21 21:40:18,518 [INFO] PluginManager:220 - loadIPPluginJar : add pdm2pcm
2024-08-21 21:40:18,532 [INFO] IPUIPlugin:80 - create IPUIPlugin
2024-08-21 21:40:18,537 [INFO] PluginManager:220 - loadIPPluginJar : add plateformsettings
2024-08-21 21:40:18,541 [INFO] IPUIPlugin:80 - create IPUIPlugin
2024-08-21 21:40:18,541 [INFO] PluginManager:220 - loadIPPluginJar : add quadspi
2024-08-21 21:40:18,546 [INFO] IPUIPlugin:80 - create IPUIPlugin
2024-08-21 21:40:18,547 [INFO] PluginManager:220 - loadIPPluginJar : add radio
2024-08-21 21:40:18,554 [INFO] IPUIPlugin:80 - create IPUIPlugin
2024-08-21 21:40:18,554 [INFO] PluginManager:220 - loadIPPluginJar : add resmgrutility
2024-08-21 21:40:18,558 [INFO] IPUIPlugin:80 - create IPUIPlugin
2024-08-21 21:40:18,558 [INFO] PluginManager:220 - loadIPPluginJar : add sai
2024-08-21 21:40:18,563 [INFO] IPUIPlugin:80 - create IPUIPlugin
2024-08-21 21:40:18,563 [INFO] PluginManager:220 - loadIPPluginJar : add spi
2024-08-21 21:40:18,568 [INFO] IPUIPlugin:80 - create IPUIPlugin
2024-08-21 21:40:18,568 [INFO] PluginManager:220 - loadIPPluginJar : add stm32_wpan
2024-08-21 21:40:18,572 [INFO] IPUIPlugin:80 - create IPUIPlugin
2024-08-21 21:40:18,572 [INFO] PluginManager:220 - loadIPPluginJar : add tim
2024-08-21 21:40:18,575 [INFO] IPUIPlugin:80 - create IPUIPlugin
2024-08-21 21:40:18,575 [INFO] PluginManager:220 - loadIPPluginJar : add touchsensing
2024-08-21 21:40:18,578 [INFO] IPUIPlugin:80 - create IPUIPlugin
2024-08-21 21:40:18,578 [INFO] PluginManager:220 - loadIPPluginJar : add tracer_emb
2024-08-21 21:40:18,582 [INFO] IPUIPlugin:80 - create IPUIPlugin
2024-08-21 21:40:18,582 [INFO] PluginManager:220 - loadIPPluginJar : add ts
2024-08-21 21:40:18,584 [INFO] IPUIPlugin:80 - create IPUIPlugin
2024-08-21 21:40:18,584 [INFO] PluginManager:220 - loadIPPluginJar : add tsc
2024-08-21 21:40:18,589 [INFO] IPUIPlugin:80 - create IPUIPlugin
2024-08-21 21:40:18,589 [INFO] PluginManager:220 - loadIPPluginJar : add ucpd
2024-08-21 21:40:18,593 [INFO] IPUIPlugin:80 - create IPUIPlugin
2024-08-21 21:40:18,593 [INFO] PluginManager:220 - loadIPPluginJar : add usart
2024-08-21 21:40:18,597 [INFO] IPUIPlugin:80 - create IPUIPlugin
2024-08-21 21:40:18,597 [INFO] PluginManager:220 - loadIPPluginJar : add usbx
2024-08-21 21:40:18,727 [INFO] CADModel:165 - CPN selected for project level
2024-08-21 21:40:18,727 [INFO] CADModel:114 - Register for checkConnection events
2024-08-21 21:40:18,728 [FATAL] Updater:334 - Updater called before beeing initialized
2024-08-21 21:40:18,728 [ERROR] CADModel:125 - Updater not yet initialized, retry later 
2024-08-21 21:40:18,942 [INFO] CADModel:165 - CPN selected for project level
2024-08-21 21:40:18,943 [INFO] CADModel:114 - Register for checkConnection events
2024-08-21 21:40:18,943 [FATAL] Updater:334 - Updater called before beeing initialized
2024-08-21 21:40:18,943 [ERROR] CADModel:125 - Updater not yet initialized, retry later 
2024-08-21 21:40:18,946 [FATAL] Updater:334 - Updater called before beeing initialized
2024-08-21 21:40:19,096 [FATAL] Updater:334 - Updater called before beeing initialized
2024-08-21 21:40:19,103 [INFO] DbMcusAds:53 - JSON generation date=Thu May 16 06:22:00 ART 2024 (1715851320667)
2024-08-21 21:40:19,103 [FATAL] Updater:334 - Updater called before beeing initialized
2024-08-21 21:40:19,155 [WARN] DetailPanel:346 - Failed to get advertising image, set to default
2024-08-21 21:40:19,259 [FATAL] Updater:334 - Updater called before beeing initialized
2024-08-21 21:40:19,261 [FATAL] Updater:334 - Updater called before beeing initialized
2024-08-21 21:40:19,261 [FATAL] Updater:334 - Updater called before beeing initialized
2024-08-21 21:40:19,261 [WARN] DetailPanel:346 - Failed to get advertising image, set to default
2024-08-21 21:40:19,262 [FATAL] Updater:334 - Updater called before beeing initialized
2024-08-21 21:40:19,348 [ERROR] Updater:1164 - MainUpdater not yet initialized. External WinMGr cannot be set.
2024-08-21 21:40:19,365 [INFO] Updater:1100 - Updater Version found : 6.12.0
2024-08-21 21:40:19,394 [INFO] ApplicationProperties:184 - Using Application install path: C:\ST\STM32CubeIDE_1.16.0\STM32CubeIDE\plugins\com.st.stm32cube.common.mx_6.12.0.202406281431
2024-08-21 21:40:20,450 [INFO] ThirdPartyUpdaterWithRetryManager:70 - Updater plugin not ready yet. [2/15]
2024-08-21 21:40:21,021 [ERROR] LogOutputStream:75 - [STDERR_REDIRECT] Aug 21, 2024 9:40:21 PM java.util.prefs.WindowsPreferences <init>
2024-08-21 21:40:21,022 [ERROR] LogOutputStream:75 - [STDERR_REDIRECT] WARNING: Could not open/create prefs root node Software\JavaSoft\Prefs at root 0xffffffff80000002. Windows RegCreateKeyEx(...) returned error code 5.
2024-08-21 21:40:21,023 [ERROR] LogOutputStream:75 - [STDERR_REDIRECT] 
2024-08-21 21:40:21,408 [INFO] MainUpdater:2873 - connection check result : 10
2024-08-21 21:40:21,410 [INFO] MainUpdater:290 - Updater Check For Update Now.
2024-08-21 21:40:21,411 [INFO] MicroXplorer:498 - Change Database Version : DB.6.0.120
2024-08-21 21:40:21,500 [INFO] McuFinderGlobals:63 - Set McuFinder mode to 2 (CubeIDE integrated)
2024-08-21 21:40:21,502 [INFO] UserAuth:417 - Internet connection configuration mode: 1
2024-08-21 21:40:21,543 [INFO] JxBrowserEngine:152 - Initiate JxBrowser Engine with user profile folder
2024-08-21 21:40:21,722 [INFO] CheckServerUpdateThread:120 - End of CheckServer Thread
2024-08-21 21:40:23,937 [WARN] PackLoader:240 - Cannot read IP mode file for STMicroelectronics.FP-SNS-MOTENVWB1.1.4.0
2024-08-21 21:40:23,957 [WARN] PackLoader:240 - Cannot read IP mode file for STMicroelectronics.X-CUBE-SMBUS.2.1.0
2024-08-21 21:40:24,016 [WARN] PackLoader:240 - Cannot read IP mode file for STMicroelectronics.X-CUBE-AZRTOS-F7.1.1.0
2024-08-21 21:40:24,180 [WARN] PackLoader:240 - Cannot read IP mode file for STMicroelectronics.X-CUBE-MEMS1.11.0.0
2024-08-21 21:40:24,618 [WARN] PackLoader:240 - Cannot read IP mode file for STMicroelectronics.FP-SNS-FLIGHT1.5.0.2
2024-08-21 21:40:24,634 [WARN] PackLoader:240 - Cannot read IP mode file for STMicroelectronics.X-CUBE-DISPLAY.3.0.0
2024-08-21 21:40:24,666 [WARN] PackLoader:240 - Cannot read IP mode file for STMicroelectronics.X-CUBE-BLE1.7.0.0
2024-08-21 21:40:24,679 [WARN] PackLoader:240 - Cannot read IP mode file for emotas.I-CUBE-CANOPEN.1.3.0
2024-08-21 21:40:24,748 [WARN] PackLoader:240 - Cannot read IP mode file for STMicroelectronics.X-CUBE-BLEMGR.3.1.0
2024-08-21 21:40:24,774 [WARN] PackLoader:240 - Cannot read IP mode file for STMicroelectronics.FP-SNS-SMARTAG2.1.2.0
2024-08-21 21:40:24,801 [INFO] LogOutputStream:77 - [STDOUT_REDIRECT] 1 : Invalid condition id : UX_CORESTACK_Condition cause : null
2024-08-21 21:40:24,804 [INFO] LogOutputStream:77 - [STDOUT_REDIRECT] 1 : Invalid condition id : UX_CORESTACK_Condition cause : null
2024-08-21 21:40:24,808 [INFO] LogOutputStream:77 - [STDOUT_REDIRECT] 1 : Invalid condition id : UX_CORESTACK_Condition cause : null
2024-08-21 21:40:24,810 [INFO] LogOutputStream:77 - [STDOUT_REDIRECT] 1 : Invalid condition id : UX_CORESTACK_Condition cause : null
2024-08-21 21:40:24,812 [INFO] LogOutputStream:77 - [STDOUT_REDIRECT] 1 : Invalid condition id : UX_CORESTACK_Condition cause : null
2024-08-21 21:40:24,821 [WARN] PackLoader:240 - Cannot read IP mode file for STMicroelectronics.X-CUBE-AZRTOS-WL.2.0.0
2024-08-21 21:40:24,831 [WARN] PackLoader:240 - Cannot read IP mode file for STMicroelectronics.FP-SNS-MOTENV1.5.0.0
2024-08-21 21:40:24,841 [WARN] PackLoader:240 - Cannot read IP mode file for wolfSSL.I-CUBE-wolfMQTT.1.19.0
2024-08-21 21:40:24,856 [WARN] PackLoader:240 - Cannot read IP mode file for WES.I-CUBE-Cesium.1.3.0
2024-08-21 21:40:24,863 [WARN] PackLoader:240 - Cannot read IP mode file for STMicroelectronics.X-CUBE-BLE2.3.3.0
2024-08-21 21:40:24,874 [WARN] PackLoader:240 - Cannot read IP mode file for STMicroelectronics.X-CUBE-TCPP.4.1.0
2024-08-21 21:40:24,906 [WARN] PackLoader:240 - Cannot read IP mode file for STMicroelectronics.X-CUBE-AZRTOS-G0.1.1.0
2024-08-21 21:40:24,920 [WARN] PackLoader:240 - Cannot read IP mode file for STMicroelectronics.X-CUBE-SAFEA1.1.2.2
2024-08-21 21:40:24,929 [WARN] PackLoader:240 - Cannot read IP mode file for STMicroelectronics.X-CUBE-NFC4.3.0.0
2024-08-21 21:40:24,945 [WARN] PackLoader:240 - Cannot read IP mode file for EmbeddedOffice.I-CUBE-FS-RTOS.1.0.1
2024-08-21 21:40:24,945 [ERROR] ConditionMgr:805 - Attr not supported : Dmpu
2024-08-21 21:40:24,945 [ERROR] ConditionMgr:805 - Attr not supported : Dmpu
2024-08-21 21:40:24,945 [ERROR] ConditionMgr:805 - Attr not supported : Dmpu
2024-08-21 21:40:24,945 [ERROR] ConditionMgr:805 - Attr not supported : Dmpu
2024-08-21 21:40:24,945 [ERROR] ConditionMgr:805 - Attr not supported : Dmpu
2024-08-21 21:40:24,946 [ERROR] ConditionMgr:805 - Attr not supported : Dmpu
2024-08-21 21:40:24,946 [ERROR] ConditionMgr:805 - Attr not supported : Dmpu
2024-08-21 21:40:24,946 [ERROR] ConditionMgr:805 - Attr not supported : Dmpu
2024-08-21 21:40:24,946 [ERROR] ConditionMgr:805 - Attr not supported : Dmpu
2024-08-21 21:40:24,946 [ERROR] ConditionMgr:805 - Attr not supported : Dmpu
2024-08-21 21:40:24,946 [ERROR] ConditionMgr:805 - Attr not supported : Dmpu
2024-08-21 21:40:24,946 [ERROR] ConditionMgr:805 - Attr not supported : Dmpu
2024-08-21 21:40:24,946 [ERROR] ConditionMgr:805 - Attr not supported : Dmpu
2024-08-21 21:40:24,946 [ERROR] ConditionMgr:805 - Attr not supported : Dmpu
2024-08-21 21:40:24,946 [ERROR] ConditionMgr:805 - Attr not supported : Dmpu
2024-08-21 21:40:24,946 [ERROR] ConditionMgr:805 - Attr not supported : Dmpu
2024-08-21 21:40:24,946 [ERROR] ConditionMgr:805 - Attr not supported : Dmpu
2024-08-21 21:40:24,947 [ERROR] ConditionMgr:805 - Attr not supported : Dmpu
2024-08-21 21:40:24,947 [ERROR] ConditionMgr:805 - Attr not supported : Dmpu
2024-08-21 21:40:24,947 [ERROR] ConditionMgr:805 - Attr not supported : Dmpu
2024-08-21 21:40:24,947 [ERROR] ConditionMgr:805 - Attr not supported : Dmpu
2024-08-21 21:40:24,947 [ERROR] ConditionMgr:805 - Attr not supported : Dmpu
2024-08-21 21:40:24,947 [ERROR] ConditionMgr:805 - Attr not supported : Dmpu
2024-08-21 21:40:24,947 [ERROR] ConditionMgr:805 - Attr not supported : Dmpu
2024-08-21 21:40:24,947 [ERROR] ConditionMgr:805 - Attr not supported : Dmpu
2024-08-21 21:40:24,949 [ERROR] ConditionMgr:805 - Attr not supported : Dmpu
2024-08-21 21:40:24,949 [ERROR] ConditionMgr:805 - Attr not supported : Dmpu
2024-08-21 21:40:24,949 [ERROR] ConditionMgr:805 - Attr not supported : Dmpu
2024-08-21 21:40:24,950 [ERROR] ConditionMgr:805 - Attr not supported : Dmpu
2024-08-21 21:40:24,950 [ERROR] ConditionMgr:805 - Attr not supported : Dmpu
2024-08-21 21:40:24,950 [ERROR] ConditionMgr:805 - Attr not supported : Dmpu
2024-08-21 21:40:24,950 [ERROR] ConditionMgr:805 - Attr not supported : Dmpu
2024-08-21 21:40:24,950 [ERROR] ConditionMgr:805 - Attr not supported : Dmpu
2024-08-21 21:40:24,950 [ERROR] ConditionMgr:805 - Attr not supported : Dmpu
2024-08-21 21:40:24,950 [ERROR] ConditionMgr:805 - Attr not supported : Dmpu
2024-08-21 21:40:24,951 [ERROR] ConditionMgr:805 - Attr not supported : Dmpu
2024-08-21 21:40:24,951 [ERROR] ConditionMgr:805 - Attr not supported : Dmpu
2024-08-21 21:40:24,951 [ERROR] ConditionMgr:805 - Attr not supported : Dmpu
2024-08-21 21:40:24,951 [ERROR] ConditionMgr:805 - Attr not supported : Dmpu
2024-08-21 21:40:24,952 [ERROR] ConditionMgr:805 - Attr not supported : Dmpu
2024-08-21 21:40:24,952 [ERROR] ConditionMgr:805 - Attr not supported : Dmpu
2024-08-21 21:40:24,952 [ERROR] ConditionMgr:805 - Attr not supported : Dmpu
2024-08-21 21:40:24,952 [ERROR] ConditionMgr:805 - Attr not supported : Dmpu
2024-08-21 21:40:24,952 [ERROR] ConditionMgr:805 - Attr not supported : Dmpu
2024-08-21 21:40:24,952 [ERROR] ConditionMgr:805 - Attr not supported : Dmpu
2024-08-21 21:40:24,952 [ERROR] ConditionMgr:805 - Attr not supported : Dmpu
2024-08-21 21:40:24,952 [ERROR] ConditionMgr:805 - Attr not supported : Dmpu
2024-08-21 21:40:24,953 [ERROR] ConditionMgr:805 - Attr not supported : Dmpu
2024-08-21 21:40:24,953 [ERROR] ConditionMgr:805 - Attr not supported : Dmpu
2024-08-21 21:40:24,954 [ERROR] ConditionMgr:805 - Attr not supported : Dmpu
2024-08-21 21:40:24,954 [ERROR] ConditionMgr:805 - Attr not supported : Dmpu
2024-08-21 21:40:24,954 [ERROR] ConditionMgr:805 - Attr not supported : Dmpu
2024-08-21 21:40:24,954 [ERROR] ConditionMgr:805 - Attr not supported : Dmpu
2024-08-21 21:40:24,954 [ERROR] ConditionMgr:805 - Attr not supported : Dmpu
2024-08-21 21:40:24,954 [ERROR] ConditionMgr:805 - Attr not supported : Dmpu
2024-08-21 21:40:24,954 [ERROR] ConditionMgr:805 - Attr not supported : Dmpu
2024-08-21 21:40:24,954 [ERROR] ConditionMgr:805 - Attr not supported : Dmpu
2024-08-21 21:40:24,955 [ERROR] ConditionMgr:805 - Attr not supported : Dmpu
2024-08-21 21:40:24,955 [ERROR] ConditionMgr:805 - Attr not supported : Dmpu
2024-08-21 21:40:24,955 [ERROR] ConditionMgr:805 - Attr not supported : Dmpu
2024-08-21 21:40:24,955 [ERROR] ConditionMgr:805 - Attr not supported : Dmpu
2024-08-21 21:40:24,955 [ERROR] ConditionMgr:805 - Attr not supported : Dmpu
2024-08-21 21:40:24,955 [ERROR] ConditionMgr:805 - Attr not supported : Dmpu
2024-08-21 21:40:24,955 [ERROR] ConditionMgr:805 - Attr not supported : Dmpu
2024-08-21 21:40:24,962 [WARN] PackLoader:240 - Cannot read IP mode file for RealThread.X-CUBE-RT-Thread_Nano.4.1.1
2024-08-21 21:40:24,968 [WARN] PackLoader:240 - Cannot read IP mode file for STMicroelectronics.FP-ATR-SIGFOX1.3.2.0
2024-08-21 21:40:24,974 [WARN] PackLoader:240 - Cannot read IP mode file for wolfSSL.I-CUBE-wolfSSL.5.7.2
2024-08-21 21:40:24,983 [WARN] PackLoader:240 - Cannot read IP mode file for STMicroelectronics.X-CUBE-EEPRMA1.5.1.0
2024-08-21 21:40:24,994 [WARN] PackLoader:240 - Cannot read IP mode file for ITTIA_DB.I-CUBE-ITTIADB.8.9.0
2024-08-21 21:40:25,066 [WARN] PackLoader:240 - Cannot read IP mode file for SEGGER.I-CUBE-embOS.1.3.1
2024-08-21 21:40:25,185 [WARN] PackLoader:240 - Cannot read IP mode file for STMicroelectronics.X-CUBE-ALGOBUILD.1.4.0
2024-08-21 21:40:25,194 [WARN] PackLoader:240 - Cannot read IP mode file for STMicroelectronics.X-CUBE-GNSS1.6.0.0
2024-08-21 21:40:25,222 [WARN] PackLoader:240 - Cannot read IP mode file for STMicroelectronics.X-CUBE-AZRTOS-F4.1.1.0
2024-08-21 21:40:25,235 [WARN] PackLoader:240 - Cannot read IP mode file for STMicroelectronics.X-CUBE-FREERTOS.1.2.0
2024-08-21 21:40:25,268 [WARN] PackLoader:240 - Cannot read IP mode file for STMicroelectronics.X-CUBE-AZRTOS-L5.2.0.0
2024-08-21 21:40:25,283 [WARN] PackLoader:240 - Cannot read IP mode file for STMicroelectronics.X-CUBE-NFC6.3.1.0
2024-08-21 21:40:25,293 [WARN] PackLoader:240 - Cannot read IP mode file for STMicroelectronics.X-CUBE-DPower.1.2.0
2024-08-21 21:40:25,299 [WARN] PackLoader:240 - Cannot read IP mode file for STMicroelectronics.X-CUBE-AI.9.0.0
2024-08-21 21:40:25,305 [WARN] PackLoader:240 - Cannot read IP mode file for STMicroelectronics.X-CUBE-NFC7.1.0.1
2024-08-21 21:40:25,339 [WARN] ConditionMgr:438 - getConditionDescription Invalid condition id : LAN8742 Phy interface Condition cause : null
2024-08-21 21:40:25,341 [WARN] PackLoader:240 - Cannot read IP mode file for STMicroelectronics.X-CUBE-AZRTOS-L4.2.0.0
2024-08-21 21:40:25,344 [WARN] ConditionMgr:1039 - genDependencies : Invalid condition id : LAN8742 Phy interface Condition cause : null
2024-08-21 21:40:25,345 [WARN] ConditionMgr:1039 - genDependencies : Invalid condition id : LAN8742 Phy interface Condition cause : null
2024-08-21 21:40:25,346 [WARN] ConditionMgr:1039 - genDependencies : Invalid condition id : LAN8742 Phy interface Condition cause : null
2024-08-21 21:40:25,359 [WARN] PackLoader:240 - Cannot read IP mode file for STMicroelectronics.X-CUBE-SFXS2LP1.4.0.0
2024-08-21 21:40:25,397 [WARN] PackLoader:240 - Cannot read IP mode file for STMicroelectronics.X-CUBE-AZRTOS-H7.3.3.0
2024-08-21 21:40:25,429 [WARN] ConditionMgr:438 - getConditionDescription Invalid condition id : UX DEVICE CLASS RTOS Condition cause : null
2024-08-21 21:40:25,429 [WARN] ConditionMgr:438 - getConditionDescription Invalid condition id : UX DEVICE CLASS RTOS Condition cause : null
2024-08-21 21:40:25,432 [WARN] PackLoader:240 - Cannot read IP mode file for STMicroelectronics.X-CUBE-AZRTOS-WB.2.0.0
2024-08-21 21:40:25,433 [WARN] ConditionMgr:1039 - genDependencies : Invalid condition id : UX DEVICE CLASS RTOS Condition cause : null
2024-08-21 21:40:25,433 [WARN] ConditionMgr:1039 - genDependencies : Invalid condition id : UX DEVICE CLASS RTOS Condition cause : null
2024-08-21 21:40:25,434 [WARN] ConditionMgr:1039 - genDependencies : Invalid condition id : UX DEVICE CLASS RTOS Condition cause : null
2024-08-21 21:40:25,435 [WARN] ConditionMgr:1039 - genDependencies : Invalid condition id : UX DEVICE CLASS RTOS Condition cause : null
2024-08-21 21:40:25,435 [WARN] ConditionMgr:1039 - genDependencies : Invalid condition id : UX DEVICE CLASS RTOS Condition cause : null
2024-08-21 21:40:25,447 [WARN] PackLoader:240 - Cannot read IP mode file for STMicroelectronics.FP-SNS-STBOX1.2.0.0
2024-08-21 21:40:25,474 [WARN] PackLoader:240 - Cannot read IP mode file for STMicroelectronics.X-CUBE-SUBG2.5.0.0
2024-08-21 21:40:25,488 [WARN] PackLoader:240 - Cannot read IP mode file for Cesanta.I-CUBE-Mongoose.7.13.0
2024-08-21 21:40:25,510 [WARN] PackLoader:240 - Cannot read IP mode file for STMicroelectronics.X-CUBE-AZRTOS-G4.2.0.0
2024-08-21 21:40:25,522 [WARN] PackLoader:240 - Cannot read IP mode file for STMicroelectronics.X-CUBE-ISPU.2.0.0
2024-08-21 21:40:25,529 [WARN] PackLoader:240 - Cannot read IP mode file for STMicroelectronics.X-CUBE-ALS.1.0.2
2024-08-21 21:40:25,535 [WARN] PackLoader:240 - Cannot read IP mode file for STMicroelectronics.X-CUBE-TOUCHGFX.4.24.0
2024-08-21 21:40:25,539 [WARN] PackLoader:240 - Cannot read IP mode file for wolfSSL.I-CUBE-wolfTPM.3.4.0
2024-08-21 21:40:25,548 [WARN] PackLoader:240 - Cannot read IP mode file for portGmbH.I-Cube-SoM-uGOAL.1.1.0
2024-08-21 21:40:25,586 [WARN] PackLoader:240 - Cannot read IP mode file for STMicroelectronics.X-CUBE-AZRTOS-H7RS.1.0.0
2024-08-21 21:40:25,604 [WARN] PackLoader:240 - Cannot read IP mode file for STMicroelectronics.FP-ATR-ASTRA1.2.0.0
2024-08-21 21:40:25,621 [WARN] PackLoader:240 - Cannot read IP mode file for STMicroelectronics.X-CUBE-TOF1.3.4.2
2024-08-21 21:40:25,671 [WARN] PackLoader:240 - Cannot read IP mode file for Infineon.AIROC-Wi-Fi-Bluetooth-STM32.1.6.1
2024-08-21 21:40:25,683 [WARN] PackLoader:240 - Cannot read IP mode file for wolfSSL.I-CUBE-wolfSSH.1.4.17
2024-08-21 21:40:25,684 [INFO] ThirdParty:978 - Integrity check success = true
2024-08-21 21:40:25,684 [INFO] IntegrityCheckThread:100 - exiting critical section [integrity check]
2024-08-21 21:40:25,684 [INFO] IntegrityCheckThread:103 - End integrity checks thread
2024-08-21 21:40:26,027 [INFO] WebApp:167 - Instantiating new browser for Auth
2024-08-21 21:40:27,669 [INFO] WebApp:448 - Apply proxy settings
2024-08-21 21:40:27,669 [INFO] WebApp:533 - Chromium requires no authentication
2024-08-21 21:40:27,714 [INFO] WebApp:476 - Direct internet connection detected
2024-08-21 21:40:27,798 [INFO] WebApp:869 - Register for checkConnection events
2024-08-21 21:40:27,798 [INFO] WebApp:448 - Apply proxy settings
2024-08-21 21:40:27,799 [INFO] WebApp:533 - Chromium requires no authentication
2024-08-21 21:40:27,799 [INFO] WebApp:476 - Direct internet connection detected
2024-08-21 21:40:28,135 [INFO] WebApp:186 - Connection restablished
2024-08-21 21:40:28,322 [INFO] WebApp:220 - Starting web application
2024-08-21 21:40:28,322 [INFO] WebApp:578 - Web application path used C:\ST\STM32CubeIDE_1.16.0\STM32CubeIDE\plugins\com.st.stm32cube.common.mx_6.12.0.202406281431\db\plugins\mcufinder\reactClient1\index.html
2024-08-21 21:40:28,641 [INFO] UserAuth:417 - Internet connection configuration mode: 1
2024-08-21 21:46:19,008 [ERROR] LogOutputStream:75 - [STDERR_REDIRECT] 
2024-08-21 21:46:19,009 [ERROR] LogOutputStream:75 - [STDERR_REDIRECT] 
